2026-03-13 16:39:59 +0000  Initial pipeline context: <IDEDistributionProcessingPipelineContext: 0x3384bcc00; archive(resolved)="<IDEArchive: 0x600047c1e530>", distributionTask(resolved)="2", distributionDestination(resolved)="1", distributionMethod(resolved)="<IDEDistributionMethodiOSAdHoc: 0x6000217e76f0>", team(resolved)="<IDEProvisioningDisambiguatableBasicTeam: 0x600000bbb3c0; teamID='LYK268N3T3', teamName='Zoom Insurance Brokers Private Limited', teamType='Company', username='ritesh.aggarwal@zoominsurancebrokers.com', isFreeProvisioningTeam='0'>">
	Chain (16, self inclusive):
	<IDEDistributionProcessingPipelineContext: 0x3384bcc00; archive = "<IDEArchive: 0x600047c1e530>", distributionMethod="<IDEDistributionMethodiOSAdHoc: 0x6000217e76f0>", team="<IDEProvisioningDisambiguatableBasicTeam: 0x600000bbb3c0; teamID='LYK268N3T3', teamName='Zoom Insurance Brokers Private Limited', teamType='Company', username='ritesh.aggarwal@zoominsurancebrokers.com', isFreeProvisioningTeam='0'>">
	<IDEDistributionProcessingPipelineContext: 0x33ef96700; archive = "<IDEArchive: 0x600047c1e530>", distributionMethod="<IDEDistributionMethodiOSAdHoc: 0x6000217e76f0>", team="<IDEProvisioningDisambiguatableBasicTeam: 0x600000bbb3c0; teamID='LYK268N3T3', teamName='Zoom Insurance Brokers Private Limited', teamType='Company', username='ritesh.aggarwal@zoominsurancebrokers.com', isFreeProvisioningTeam='0'>">
	<IDEDistributionContext: 0x33ef72540; archive = "<IDEArchive: 0x600047c1e530>", distributionMethod="<IDEDistributionMethodiOSAdHoc: 0x6000217e76f0>", team="<IDEProvisioningDisambiguatableBasicTeam: 0x600000bbb3c0; teamID='LYK268N3T3', teamName='Zoom Insurance Brokers Private Limited', teamType='Company', username='ritesh.aggarwal@zoominsurancebrokers.com', isFreeProvisioningTeam='0'>">
	<IDEDistributionContext: 0x33ef23cb0; archive = "<IDEArchive: 0x600047c1e530>", distributionMethod="<IDEDistributionMethodiOSAdHoc: 0x6000217e76f0>", team="<IDEProvisioningDisambiguatableBasicTeam: 0x600000bbb3c0; teamID='LYK268N3T3', teamName='Zoom Insurance Brokers Private Limited', teamType='Company', username='ritesh.aggarwal@zoominsurancebrokers.com', isFreeProvisioningTeam='0'>">
	<IDEDistributionContext: 0x33bf7cb70; archive = "<IDEArchive: 0x600047c1e530>", distributionMethod="<IDEDistributionMethodiOSAdHoc: 0x6000217e76f0>", team="<IDEProvisioningDisambiguatableBasicTeam: 0x600000bbb3c0; teamID='LYK268N3T3', teamName='Zoom Insurance Brokers Private Limited', teamType='Company', username='ritesh.aggarwal@zoominsurancebrokers.com', isFreeProvisioningTeam='0'>">
	<IDEDistributionContext: 0x32fe3ca50; archive = "<IDEArchive: 0x600047c1e530>", distributionMethod="<IDEDistributionMethodiOSAdHoc: 0x6000217e76f0>", team="<IDEProvisioningDisambiguatableBasicTeam: 0x600000bbb3c0; teamID='LYK268N3T3', teamName='Zoom Insurance Brokers Private Limited', teamType='Company', username='ritesh.aggarwal@zoominsurancebrokers.com', isFreeProvisioningTeam='0'>">
	<IDEDistributionContext: 0x3476c9c30; archive = "<IDEArchive: 0x600047c1e530>", distributionMethod="<IDEDistributionMethodiOSAdHoc: 0x6000217e76f0>", team="<IDEProvisioningDisambiguatableBasicTeam: 0x600000bbb3c0; teamID='LYK268N3T3', teamName='Zoom Insurance Brokers Private Limited', teamType='Company', username='ritesh.aggarwal@zoominsurancebrokers.com', isFreeProvisioningTeam='0'>">
	<IDEDistributionContext: 0x352d91d60; archive = "<IDEArchive: 0x600047c1e530>", distributionMethod="<IDEDistributionMethodiOSAdHoc: 0x6000217e76f0>", team="<IDEProvisioningDisambiguatableBasicTeam: 0x600000bbb3c0; teamID='LYK268N3T3', teamName='Zoom Insurance Brokers Private Limited', teamType='Company', username='ritesh.aggarwal@zoominsurancebrokers.com', isFreeProvisioningTeam='0'>">
	<IDEDistributionContext: 0x35aa45360; archive = "<IDEArchive: 0x600047c1e530>", distributionMethod="<IDEDistributionMethodiOSAdHoc: 0x6000217e76f0>", team="<IDEProvisioningDisambiguatableBasicTeam: 0x600000bbb3c0; teamID='LYK268N3T3', teamName='Zoom Insurance Brokers Private Limited', teamType='Company', username='ritesh.aggarwal@zoominsurancebrokers.com', isFreeProvisioningTeam='0'>">
	<IDEDistributionContext: 0x35aa43d30; archive = "<IDEArchive: 0x600047c1e530>", distributionMethod="<IDEDistributionMethodiOSAdHoc: 0x6000217e76f0>", team="(null)">
	<IDEDistributionContext: 0x33847fd00; archive = "<IDEArchive: 0x600047c1e530>", distributionMethod="<IDEDistributionMethodiOSAdHoc: 0x6000217e76f0>", team="(null)">
	<IDEDistributionContext: 0x33ea83350; archive = "<IDEArchive: 0x600047c1e530>", distributionMethod="<IDEDistributionMethodiOSAdHoc: 0x6000217e76f0>", team="(null)">
	<IDEDistributionContext: 0x3476a9a70; archive = "<IDEArchive: 0x600047c1e530>", distributionMethod="<IDEDistributionMethodiOSAdHoc: 0x6000217e76f0>", team="(null)">
	<IDEDistributionContext: 0x33e029c90; archive = "<IDEArchive: 0x600047c1e530>", distributionMethod="(null)", team="(null)">
	<IDEDistributionContext: 0x352d797b0; archive = "<IDEArchive: 0x600047c1e530>", distributionMethod="(null)", team="(null)">
	<IDEDistributionContext: 0x33ef59f80; archive = "<IDEArchive: 0x600047c1e530>", distributionMethod="(null)", team="(null)">
</IDEDistributionProcessingPipelineContext: 0x3384bcc00>
2026-03-13 16:39:59 +0000  Processing step: IDEDistributionCreateDestRootStep
2026-03-13 16:39:59 +0000  Processing step: IDEDistributionCopyItemStep
2026-03-13 16:39:59 +0000  Running /usr/bin/ditto '-V' '/Users/mac/Library/Developer/Xcode/Archives/2026-03-13/ZoomConnect 13-03-26, 10.09 PM.xcarchive/Products/Applications/ZoomConnect.app' '/var/folders/z3/xqw4cpx91yqfslzyxdj305wc0000gn/T/XcodeDistPipeline.~~~kNa5TQ/Root/Payload/ZoomConnect.app'
2026-03-13 16:39:59 +0000  >>> Copying /Users/mac/Library/Developer/Xcode/Archives/2026-03-13/ZoomConnect 13-03-26, 10.09 PM.xcarchive/Products/Applications/ZoomConnect.app 
2026-03-13 16:39:59 +0000  copying file ./FirebaseAuth_Privacy.bundle/PrivacyInfo.xcprivacy ... 
2026-03-13 16:39:59 +0000  2102 bytes for ./FirebaseAuth_Privacy.bundle/PrivacyInfo.xcprivacy
2026-03-13 16:39:59 +0000  copying file ./FirebaseAuth_Privacy.bundle/Info.plist ... 
2026-03-13 16:39:59 +0000  790 bytes for ./FirebaseAuth_Privacy.bundle/Info.plist
2026-03-13 16:39:59 +0000  copying file ./_CodeSignature/CodeResources ... 
2026-03-13 16:39:59 +0000  52625 bytes for ./_CodeSignature/CodeResources
2026-03-13 16:39:59 +0000  copying file ./Fontisto.ttf ... 
2026-03-13 16:39:59 +0000  313528 bytes for ./Fontisto.ttf
2026-03-13 16:39:59 +0000  copying file ./Octicons.ttf ... 
2026-03-13 16:39:59 +0000  49404 bytes for ./Octicons.ttf
2026-03-13 16:39:59 +0000  copying file ./Feather.ttf ... 
2026-03-13 16:39:59 +0000  56228 bytes for ./Feather.ttf
2026-03-13 16:39:59 +0000  copying file ./FirebaseCore_Privacy.bundle/PrivacyInfo.xcprivacy ... 
2026-03-13 16:39:59 +0000  855 bytes for ./FirebaseCore_Privacy.bundle/PrivacyInfo.xcprivacy
2026-03-13 16:39:59 +0000  copying file ./FirebaseCore_Privacy.bundle/Info.plist ... 
2026-03-13 16:39:59 +0000  790 bytes for ./FirebaseCore_Privacy.bundle/Info.plist
2026-03-13 16:39:59 +0000  copying file ./ZoomConnect ... 
2026-03-13 16:39:59 +0000  11532768 bytes for ./ZoomConnect
2026-03-13 16:39:59 +0000  copying file ./FontAwesome6_Regular.ttf ... 
2026-03-13 16:39:59 +0000  67976 bytes for ./FontAwesome6_Regular.ttf
2026-03-13 16:39:59 +0000  copying file ./Entypo.ttf ... 
2026-03-13 16:39:59 +0000  66200 bytes for ./Entypo.ttf
2026-03-13 16:39:59 +0000  copying file ./RNImagePickerPrivacyInfo.bundle/PrivacyInfo.xcprivacy ... 
2026-03-13 16:39:59 +0000  905 bytes for ./RNImagePickerPrivacyInfo.bundle/PrivacyInfo.xcprivacy
2026-03-13 16:39:59 +0000  copying file ./RNImagePickerPrivacyInfo.bundle/Info.plist ... 
2026-03-13 16:39:59 +0000  796 bytes for ./RNImagePickerPrivacyInfo.bundle/Info.plist
2026-03-13 16:39:59 +0000  copying file ./FontAwesome5_Brands.ttf ... 
2026-03-13 16:39:59 +0000  134040 bytes for ./FontAwesome5_Brands.ttf
2026-03-13 16:39:59 +0000  copying file ./MaterialCommunityIcons.ttf ... 
2026-03-13 16:39:59 +0000  1147844 bytes for ./MaterialCommunityIcons.ttf
2026-03-13 16:39:59 +0000  copying file ./glog_privacy.bundle/Info.plist ... 
2026-03-13 16:39:59 +0000  771 bytes for ./glog_privacy.bundle/Info.plist
2026-03-13 16:39:59 +0000  copying file ./FBLPromises_Privacy.bundle/PrivacyInfo.xcprivacy ... 
2026-03-13 16:39:59 +0000  373 bytes for ./FBLPromises_Privacy.bundle/PrivacyInfo.xcprivacy
2026-03-13 16:39:59 +0000  copying file ./FBLPromises_Privacy.bundle/Info.plist ... 
2026-03-13 16:39:59 +0000  786 bytes for ./FBLPromises_Privacy.bundle/Info.plist
2026-03-13 16:39:59 +0000  copying file ./AppIcon60x60@2x.png ... 
2026-03-13 16:39:59 +0000  3686 bytes for ./AppIcon60x60@2x.png
2026-03-13 16:39:59 +0000  copying file ./AntDesign.ttf ... 
2026-03-13 16:39:59 +0000  70344 bytes for ./AntDesign.ttf
2026-03-13 16:39:59 +0000  copying file ./Foundation.ttf ... 
2026-03-13 16:39:59 +0000  56976 bytes for ./Foundation.ttf
2026-03-13 16:39:59 +0000  copying file ./Montserrat-Bold.ttf ... 
2026-03-13 16:39:59 +0000  335788 bytes for ./Montserrat-Bold.ttf
2026-03-13 16:39:59 +0000  copying file ./Ionicons.ttf ... 
2026-03-13 16:39:59 +0000  442604 bytes for ./Ionicons.ttf
2026-03-13 16:39:59 +0000  copying file ./FontAwesome5_Solid.ttf ... 
2026-03-13 16:39:59 +0000  202744 bytes for ./FontAwesome5_Solid.ttf
2026-03-13 16:39:59 +0000  copying file ./FirebaseCoreInternal_Privacy.bundle/PrivacyInfo.xcprivacy ... 
2026-03-13 16:39:59 +0000  855 bytes for ./FirebaseCoreInternal_Privacy.bundle/PrivacyInfo.xcprivacy
2026-03-13 16:39:59 +0000  copying file ./FirebaseCoreInternal_Privacy.bundle/Info.plist ... 
2026-03-13 16:39:59 +0000  806 bytes for ./FirebaseCoreInternal_Privacy.bundle/Info.plist
2026-03-13 16:39:59 +0000  copying file ./GoogleDataTransport_Privacy.bundle/PrivacyInfo.xcprivacy ... 
2026-03-13 16:39:59 +0000  1105 bytes for ./GoogleDataTransport_Privacy.bundle/PrivacyInfo.xcprivacy
2026-03-13 16:39:59 +0000  copying file ./GoogleDataTransport_Privacy.bundle/Info.plist ... 
2026-03-13 16:39:59 +0000  804 bytes for ./GoogleDataTransport_Privacy.bundle/Info.plist
2026-03-13 16:39:59 +0000  copying file ./FontAwesome5_Regular.ttf ... 
2026-03-13 16:39:59 +0000  33736 bytes for ./FontAwesome5_Regular.ttf
2026-03-13 16:39:59 +0000  copying file ./React-cxxreact_privacy.bundle/PrivacyInfo.xcprivacy ... 
2026-03-13 16:39:59 +0000  552 bytes for ./React-cxxreact_privacy.bundle/PrivacyInfo.xcprivacy
2026-03-13 16:39:59 +0000  copying file ./React-cxxreact_privacy.bundle/Info.plist ... 
2026-03-13 16:39:59 +0000  794 bytes for ./React-cxxreact_privacy.bundle/Info.plist
2026-03-13 16:39:59 +0000  copying file ./GTMAppAuth_Privacy.bundle/PrivacyInfo.xcprivacy ... 
2026-03-13 16:39:59 +0000  373 bytes for ./GTMAppAuth_Privacy.bundle/PrivacyInfo.xcprivacy
2026-03-13 16:39:59 +0000  copying file ./GTMAppAuth_Privacy.bundle/Info.plist ... 
2026-03-13 16:39:59 +0000  785 bytes for ./GTMAppAuth_Privacy.bundle/Info.plist
2026-03-13 16:39:59 +0000  copying file ./nanopb_Privacy.bundle/PrivacyInfo.xcprivacy ... 
2026-03-13 16:39:59 +0000  374 bytes for ./nanopb_Privacy.bundle/PrivacyInfo.xcprivacy
2026-03-13 16:39:59 +0000  copying file ./nanopb_Privacy.bundle/Info.plist ... 
2026-03-13 16:39:59 +0000  779 bytes for ./nanopb_Privacy.bundle/Info.plist
2026-03-13 16:39:59 +0000  copying file ./FirebaseMessaging_Privacy.bundle/PrivacyInfo.xcprivacy ... 
2026-03-13 16:39:59 +0000  2357 bytes for ./FirebaseMessaging_Privacy.bundle/PrivacyInfo.xcprivacy
2026-03-13 16:39:59 +0000  copying file ./FirebaseMessaging_Privacy.bundle/Info.plist ... 
2026-03-13 16:39:59 +0000  800 bytes for ./FirebaseMessaging_Privacy.bundle/Info.plist
2026-03-13 16:39:59 +0000  copying file ./GoogleService-Info.plist ... 
2026-03-13 16:39:59 +0000  777 bytes for ./GoogleService-Info.plist
2026-03-13 16:39:59 +0000  copying file ./FirebaseCoreExtension_Privacy.bundle/PrivacyInfo.xcprivacy ... 
2026-03-13 16:39:59 +0000  478 bytes for ./FirebaseCoreExtension_Privacy.bundle/PrivacyInfo.xcprivacy
2026-03-13 16:39:59 +0000  copying file ./FirebaseCoreExtension_Privacy.bundle/Info.plist ... 
2026-03-13 16:39:59 +0000  808 bytes for ./FirebaseCoreExtension_Privacy.bundle/Info.plist
2026-03-13 16:39:59 +0000  copying file ./FontAwesome.ttf ... 
2026-03-13 16:39:59 +0000  165548 bytes for ./FontAwesome.ttf
2026-03-13 16:39:59 +0000  copying file ./GTMSessionFetcher_Core_Privacy.bundle/PrivacyInfo.xcprivacy ... 
2026-03-13 16:39:59 +0000  598 bytes for ./GTMSessionFetcher_Core_Privacy.bundle/PrivacyInfo.xcprivacy
2026-03-13 16:39:59 +0000  copying file ./GTMSessionFetcher_Core_Privacy.bundle/Info.plist ... 
2026-03-13 16:39:59 +0000  809 bytes for ./GTMSessionFetcher_Core_Privacy.bundle/Info.plist
2026-03-13 16:39:59 +0000  copying file ./GoogleSignIn.bundle/de.lproj/GoogleSignIn.strings ... 
2026-03-13 16:39:59 +0000  1703 bytes for ./GoogleSignIn.bundle/de.lproj/GoogleSignIn.strings
2026-03-13 16:39:59 +0000  copying file ./GoogleSignIn.bundle/he.lproj/GoogleSignIn.strings ... 
2026-03-13 16:39:59 +0000  1780 bytes for ./GoogleSignIn.bundle/he.lproj/GoogleSignIn.strings
2026-03-13 16:39:59 +0000  copying file ./GoogleSignIn.bundle/ar.lproj/GoogleSignIn.strings ... 
2026-03-13 16:39:59 +0000  1759 bytes for ./GoogleSignIn.bundle/ar.lproj/GoogleSignIn.strings
2026-03-13 16:39:59 +0000  copying file ./GoogleSignIn.bundle/el.lproj/GoogleSignIn.strings ... 
2026-03-13 16:39:59 +0000  2103 bytes for ./GoogleSignIn.bundle/el.lproj/GoogleSignIn.strings
2026-03-13 16:39:59 +0000  copying file ./GoogleSignIn.bundle/ja.lproj/GoogleSignIn.strings ... 
2026-03-13 16:39:59 +0000  1711 bytes for ./GoogleSignIn.bundle/ja.lproj/GoogleSignIn.strings
2026-03-13 16:39:59 +0000  copying file ./GoogleSignIn.bundle/en.lproj/GoogleSignIn.strings ... 
2026-03-13 16:39:59 +0000  1547 bytes for ./GoogleSignIn.bundle/en.lproj/GoogleSignIn.strings
2026-03-13 16:39:59 +0000  copying file ./GoogleSignIn.bundle/uk.lproj/GoogleSignIn.strings ... 
2026-03-13 16:39:59 +0000  1864 bytes for ./GoogleSignIn.bundle/uk.lproj/GoogleSignIn.strings
2026-03-13 16:39:59 +0000  copying file ./GoogleSignIn.bundle/es_MX.lproj/GoogleSignIn.strings ... 
2026-03-13 16:39:59 +0000  1607 bytes for ./GoogleSignIn.bundle/es_MX.lproj/GoogleSignIn.strings
2026-03-13 16:39:59 +0000  copying file ./GoogleSignIn.bundle/zh_CN.lproj/GoogleSignIn.strings ... 
2026-03-13 16:39:59 +0000  1489 bytes for ./GoogleSignIn.bundle/zh_CN.lproj/GoogleSignIn.strings
2026-03-13 16:39:59 +0000  copying file ./GoogleSignIn.bundle/nb.lproj/GoogleSignIn.strings ... 
2026-03-13 16:39:59 +0000  1593 bytes for ./GoogleSignIn.bundle/nb.lproj/GoogleSignIn.strings
2026-03-13 16:39:59 +0000  copying file ./GoogleSignIn.bundle/es.lproj/GoogleSignIn.strings ... 
2026-03-13 16:39:59 +0000  1678 bytes for ./GoogleSignIn.bundle/es.lproj/GoogleSignIn.strings
2026-03-13 16:39:59 +0000  copying file ./GoogleSignIn.bundle/pt_BR.lproj/GoogleSignIn.strings ... 
2026-03-13 16:39:59 +0000  1608 bytes for ./GoogleSignIn.bundle/pt_BR.lproj/GoogleSignIn.strings
2026-03-13 16:39:59 +0000  copying file ./GoogleSignIn.bundle/da.lproj/GoogleSignIn.strings ... 
2026-03-13 16:39:59 +0000  1611 bytes for ./GoogleSignIn.bundle/da.lproj/GoogleSignIn.strings
2026-03-13 16:39:59 +0000  copying file ./GoogleSignIn.bundle/it.lproj/GoogleSignIn.strings ... 
2026-03-13 16:39:59 +0000  1570 bytes for ./GoogleSignIn.bundle/it.lproj/GoogleSignIn.strings
2026-03-13 16:39:59 +0000  copying file ./GoogleSignIn.bundle/sk.lproj/GoogleSignIn.strings ... 
2026-03-13 16:39:59 +0000  1665 bytes for ./GoogleSignIn.bundle/sk.lproj/GoogleSignIn.strings
2026-03-13 16:39:59 +0000  copying file ./GoogleSignIn.bundle/pt_PT.lproj/GoogleSignIn.strings ... 
2026-03-13 16:39:59 +0000  1646 bytes for ./GoogleSignIn.bundle/pt_PT.lproj/GoogleSignIn.strings
2026-03-13 16:39:59 +0000  copying file ./GoogleSignIn.bundle/google@3x.png ... 
2026-03-13 16:39:59 +0000  1773 bytes for ./GoogleSignIn.bundle/google@3x.png
2026-03-13 16:39:59 +0000  copying file ./GoogleSignIn.bundle/ms.lproj/GoogleSignIn.strings ... 
2026-03-13 16:39:59 +0000  1565 bytes for ./GoogleSignIn.bundle/ms.lproj/GoogleSignIn.strings
2026-03-13 16:39:59 +0000  copying file ./GoogleSignIn.bundle/sv.lproj/GoogleSignIn.strings ... 
2026-03-13 16:39:59 +0000  1579 bytes for ./GoogleSignIn.bundle/sv.lproj/GoogleSignIn.strings
2026-03-13 16:39:59 +0000  copying file ./GoogleSignIn.bundle/cs.lproj/GoogleSignIn.strings ... 
2026-03-13 16:39:59 +0000  1615 bytes for ./GoogleSignIn.bundle/cs.lproj/GoogleSignIn.strings
2026-03-13 16:39:59 +0000  copying file ./GoogleSignIn.bundle/google@2x.png ... 
2026-03-13 16:39:59 +0000  1166 bytes for ./GoogleSignIn.bundle/google@2x.png
2026-03-13 16:39:59 +0000  copying file ./GoogleSignIn.bundle/ko.lproj/GoogleSignIn.strings ... 
2026-03-13 16:39:59 +0000  1634 bytes for ./GoogleSignIn.bundle/ko.lproj/GoogleSignIn.strings
2026-03-13 16:39:59 +0000  copying file ./GoogleSignIn.bundle/hu.lproj/GoogleSignIn.strings ... 
2026-03-13 16:39:59 +0000  1663 bytes for ./GoogleSignIn.bundle/hu.lproj/GoogleSignIn.strings
2026-03-13 16:39:59 +0000  copying file ./GoogleSignIn.bundle/tr.lproj/GoogleSignIn.strings ... 
2026-03-13 16:39:59 +0000  1596 bytes for ./GoogleSignIn.bundle/tr.lproj/GoogleSignIn.strings
2026-03-13 16:39:59 +0000  copying file ./GoogleSignIn.bundle/pl.lproj/GoogleSignIn.strings ... 
2026-03-13 16:39:59 +0000  1578 bytes for ./GoogleSignIn.bundle/pl.lproj/GoogleSignIn.strings
2026-03-13 16:39:59 +0000  copying file ./GoogleSignIn.bundle/zh_TW.lproj/GoogleSignIn.strings ... 
2026-03-13 16:39:59 +0000  1525 bytes for ./GoogleSignIn.bundle/zh_TW.lproj/GoogleSignIn.strings
2026-03-13 16:39:59 +0000  copying file ./GoogleSignIn.bundle/en_GB.lproj/GoogleSignIn.strings ... 
2026-03-13 16:39:59 +0000  1547 bytes for ./GoogleSignIn.bundle/en_GB.lproj/GoogleSignIn.strings
2026-03-13 16:39:59 +0000  copying file ./GoogleSignIn.bundle/vi.lproj/GoogleSignIn.strings ... 
2026-03-13 16:39:59 +0000  1717 bytes for ./GoogleSignIn.bundle/vi.lproj/GoogleSignIn.strings
2026-03-13 16:39:59 +0000  copying file ./GoogleSignIn.bundle/PrivacyInfo.xcprivacy ... 
2026-03-13 16:39:59 +0000  3756 bytes for ./GoogleSignIn.bundle/PrivacyInfo.xcprivacy
2026-03-13 16:39:59 +0000  copying file ./GoogleSignIn.bundle/ru.lproj/GoogleSignIn.strings ... 
2026-03-13 16:39:59 +0000  1954 bytes for ./GoogleSignIn.bundle/ru.lproj/GoogleSignIn.strings
2026-03-13 16:39:59 +0000  copying file ./GoogleSignIn.bundle/fr_CA.lproj/GoogleSignIn.strings ... 
2026-03-13 16:39:59 +0000  1657 bytes for ./GoogleSignIn.bundle/fr_CA.lproj/GoogleSignIn.strings
2026-03-13 16:39:59 +0000  copying file ./GoogleSignIn.bundle/fr.lproj/GoogleSignIn.strings ... 
2026-03-13 16:39:59 +0000  1676 bytes for ./GoogleSignIn.bundle/fr.lproj/GoogleSignIn.strings
2026-03-13 16:39:59 +0000  copying file ./GoogleSignIn.bundle/fi.lproj/GoogleSignIn.strings ... 
2026-03-13 16:39:59 +0000  1640 bytes for ./GoogleSignIn.bundle/fi.lproj/GoogleSignIn.strings
2026-03-13 16:39:59 +0000  copying file ./GoogleSignIn.bundle/id.lproj/GoogleSignIn.strings ... 
2026-03-13 16:39:59 +0000  1553 bytes for ./GoogleSignIn.bundle/id.lproj/GoogleSignIn.strings
2026-03-13 16:39:59 +0000  copying file ./GoogleSignIn.bundle/nl.lproj/GoogleSignIn.strings ... 
2026-03-13 16:39:59 +0000  1606 bytes for ./GoogleSignIn.bundle/nl.lproj/GoogleSignIn.strings
2026-03-13 16:39:59 +0000  copying file ./GoogleSignIn.bundle/th.lproj/GoogleSignIn.strings ... 
2026-03-13 16:39:59 +0000  2133 bytes for ./GoogleSignIn.bundle/th.lproj/GoogleSignIn.strings
2026-03-13 16:39:59 +0000  copying file ./GoogleSignIn.bundle/pt.lproj/GoogleSignIn.strings ... 
2026-03-13 16:39:59 +0000  1608 bytes for ./GoogleSignIn.bundle/pt.lproj/GoogleSignIn.strings
2026-03-13 16:39:59 +0000  copying file ./GoogleSignIn.bundle/google.png ... 
2026-03-13 16:39:59 +0000  643 bytes for ./GoogleSignIn.bundle/google.png
2026-03-13 16:39:59 +0000  copying file ./GoogleSignIn.bundle/Roboto-Bold.ttf ... 
2026-03-13 16:39:59 +0000  127744 bytes for ./GoogleSignIn.bundle/Roboto-Bold.ttf
2026-03-13 16:39:59 +0000  copying file ./GoogleSignIn.bundle/ro.lproj/GoogleSignIn.strings ... 
2026-03-13 16:39:59 +0000  1598 bytes for ./GoogleSignIn.bundle/ro.lproj/GoogleSignIn.strings
2026-03-13 16:39:59 +0000  copying file ./GoogleSignIn.bundle/Info.plist ... 
2026-03-13 16:39:59 +0000  771 bytes for ./GoogleSignIn.bundle/Info.plist
2026-03-13 16:39:59 +0000  copying file ./GoogleSignIn.bundle/hr.lproj/GoogleSignIn.strings ... 
2026-03-13 16:39:59 +0000  1621 bytes for ./GoogleSignIn.bundle/hr.lproj/GoogleSignIn.strings
2026-03-13 16:39:59 +0000  copying file ./GoogleSignIn.bundle/hi.lproj/GoogleSignIn.strings ... 
2026-03-13 16:39:59 +0000  2286 bytes for ./GoogleSignIn.bundle/hi.lproj/GoogleSignIn.strings
2026-03-13 16:39:59 +0000  copying file ./GoogleSignIn.bundle/ca.lproj/GoogleSignIn.strings ... 
2026-03-13 16:39:59 +0000  1669 bytes for ./GoogleSignIn.bundle/ca.lproj/GoogleSignIn.strings
2026-03-13 16:39:59 +0000  copying file ./Zocial.ttf ... 
2026-03-13 16:39:59 +0000  25788 bytes for ./Zocial.ttf
2026-03-13 16:39:59 +0000  copying file ./RCT-Folly_privacy.bundle/Info.plist ... 
2026-03-13 16:39:59 +0000  788 bytes for ./RCT-Folly_privacy.bundle/Info.plist
2026-03-13 16:39:59 +0000  copying file ./DMSerifDisplay-Regular.ttf ... 
2026-03-13 16:39:59 +0000  72212 bytes for ./DMSerifDisplay-Regular.ttf
2026-03-13 16:39:59 +0000  copying file ./Assets.car ... 
2026-03-13 16:39:59 +0000  135599 bytes for ./Assets.car
2026-03-13 16:39:59 +0000  copying file ./Montserrat-SemiBold.ttf ... 
2026-03-13 16:39:59 +0000  333988 bytes for ./Montserrat-SemiBold.ttf
2026-03-13 16:39:59 +0000  copying file ./EvilIcons.ttf ... 
2026-03-13 16:39:59 +0000  13456 bytes for ./EvilIcons.ttf
2026-03-13 16:39:59 +0000  copying file ./FirebaseInstallations_Privacy.bundle/PrivacyInfo.xcprivacy ... 
2026-03-13 16:39:59 +0000  1105 bytes for ./FirebaseInstallations_Privacy.bundle/PrivacyInfo.xcprivacy
2026-03-13 16:39:59 +0000  copying file ./FirebaseInstallations_Privacy.bundle/Info.plist ... 
2026-03-13 16:39:59 +0000  808 bytes for ./FirebaseInstallations_Privacy.bundle/Info.plist
2026-03-13 16:39:59 +0000  copying file ./AppIcon76x76@2x~ipad.png ... 
2026-03-13 16:39:59 +0000  4724 bytes for ./AppIcon76x76@2x~ipad.png
2026-03-13 16:39:59 +0000  copying file ./AppAuthCore_Privacy.bundle/PrivacyInfo.xcprivacy ... 
2026-03-13 16:39:59 +0000  391 bytes for ./AppAuthCore_Privacy.bundle/PrivacyInfo.xcprivacy
2026-03-13 16:39:59 +0000  copying file ./AppAuthCore_Privacy.bundle/Info.plist ... 
2026-03-13 16:39:59 +0000  787 bytes for ./AppAuthCore_Privacy.bundle/Info.plist
2026-03-13 16:39:59 +0000  copying file ./GoogleUtilities_Privacy.bundle/PrivacyInfo.xcprivacy ... 
2026-03-13 16:39:59 +0000  1233 bytes for ./GoogleUtilities_Privacy.bundle/PrivacyInfo.xcprivacy
2026-03-13 16:39:59 +0000  copying file ./GoogleUtilities_Privacy.bundle/Info.plist ... 
2026-03-13 16:39:59 +0000  795 bytes for ./GoogleUtilities_Privacy.bundle/Info.plist
2026-03-13 16:39:59 +0000  copying file ./main.jsbundle ... 
2026-03-13 16:39:59 +0000  4481120 bytes for ./main.jsbundle
2026-03-13 16:39:59 +0000  copying file ./SDWebImage.bundle/PrivacyInfo.xcprivacy ... 
2026-03-13 16:39:59 +0000  599 bytes for ./SDWebImage.bundle/PrivacyInfo.xcprivacy
2026-03-13 16:39:59 +0000  copying file ./SDWebImage.bundle/Info.plist ... 
2026-03-13 16:39:59 +0000  767 bytes for ./SDWebImage.bundle/Info.plist
2026-03-13 16:39:59 +0000  copying file ./FontAwesome6_Solid.ttf ... 
2026-03-13 16:39:59 +0000  423676 bytes for ./FontAwesome6_Solid.ttf
2026-03-13 16:39:59 +0000  copying file ./PrivacyInfo.xcprivacy ... 
2026-03-13 16:39:59 +0000  521 bytes for ./PrivacyInfo.xcprivacy
2026-03-13 16:39:59 +0000  copying file ./LaunchScreen.storyboardc/01J-lp-oVM-view-Ze5-6b-2t3.nib ... 
2026-03-13 16:39:59 +0000  3819 bytes for ./LaunchScreen.storyboardc/01J-lp-oVM-view-Ze5-6b-2t3.nib
2026-03-13 16:39:59 +0000  copying file ./LaunchScreen.storyboardc/UIViewController-01J-lp-oVM.nib ... 
2026-03-13 16:39:59 +0000  924 bytes for ./LaunchScreen.storyboardc/UIViewController-01J-lp-oVM.nib
2026-03-13 16:39:59 +0000  copying file ./LaunchScreen.storyboardc/Info.plist ... 
2026-03-13 16:39:59 +0000  258 bytes for ./LaunchScreen.storyboardc/Info.plist
2026-03-13 16:39:59 +0000  copying file ./RNSVGFilters.bundle/RNSVGArithmeticFilter.iphoneos.metallib ... 
2026-03-13 16:39:59 +0000  3993 bytes for ./RNSVGFilters.bundle/RNSVGArithmeticFilter.iphoneos.metallib
2026-03-13 16:39:59 +0000  copying file ./RNSVGFilters.bundle/RNSVGCompositeXor.iphoneos.metallib ... 
2026-03-13 16:39:59 +0000  3509 bytes for ./RNSVGFilters.bundle/RNSVGCompositeXor.iphoneos.metallib
2026-03-13 16:39:59 +0000  copying file ./RNSVGFilters.bundle/Info.plist ... 
2026-03-13 16:39:59 +0000  773 bytes for ./RNSVGFilters.bundle/Info.plist
2026-03-13 16:39:59 +0000  copying file ./boost_privacy.bundle/Info.plist ... 
2026-03-13 16:39:59 +0000  774 bytes for ./boost_privacy.bundle/Info.plist
2026-03-13 16:39:59 +0000  copying file ./Montserrat-Regular.ttf ... 
2026-03-13 16:39:59 +0000  330948 bytes for ./Montserrat-Regular.ttf
2026-03-13 16:39:59 +0000  copying file ./Frameworks/hermesvm.framework/_CodeSignature/CodeResources ... 
2026-03-13 16:39:59 +0000  1798 bytes for ./Frameworks/hermesvm.framework/_CodeSignature/CodeResources
2026-03-13 16:39:59 +0000  copying file ./Frameworks/hermesvm.framework/hermesvm ... 
2026-03-13 16:39:59 +0000  4762960 bytes for ./Frameworks/hermesvm.framework/hermesvm
2026-03-13 16:39:59 +0000  copying file ./Frameworks/hermesvm.framework/Info.plist ... 
2026-03-13 16:39:59 +0000  861 bytes for ./Frameworks/hermesvm.framework/Info.plist
2026-03-13 16:39:59 +0000  copying file ./SimpleLineIcons.ttf ... 
2026-03-13 16:39:59 +0000  54056 bytes for ./SimpleLineIcons.ttf
2026-03-13 16:39:59 +0000  copying file ./FontAwesome6_Brands.ttf ... 
2026-03-13 16:39:59 +0000  209376 bytes for ./FontAwesome6_Brands.ttf
2026-03-13 16:39:59 +0000  copying file ./embedded.mobileprovision ... 
2026-03-13 16:39:59 +0000  13304 bytes for ./embedded.mobileprovision
2026-03-13 16:39:59 +0000  copying file ./ReactNativeBlobUtilPrivacyInfo.bundle/PrivacyInfo.xcprivacy ... 
2026-03-13 16:39:59 +0000  781 bytes for ./ReactNativeBlobUtilPrivacyInfo.bundle/PrivacyInfo.xcprivacy
2026-03-13 16:39:59 +0000  copying file ./ReactNativeBlobUtilPrivacyInfo.bundle/Info.plist ... 
2026-03-13 16:39:59 +0000  810 bytes for ./ReactNativeBlobUtilPrivacyInfo.bundle/Info.plist
2026-03-13 16:39:59 +0000  copying file ./assets/node_modules/@react-navigation/elements/lib/module/assets/back-icon@3x.png ... 
2026-03-13 16:39:59 +0000  761 bytes for ./assets/node_modules/@react-navigation/elements/lib/module/assets/back-icon@3x.png
2026-03-13 16:39:59 +0000  copying file ./assets/node_modules/@react-navigation/elements/lib/module/assets/back-icon@2x.png ... 
2026-03-13 16:39:59 +0000  405 bytes for ./assets/node_modules/@react-navigation/elements/lib/module/assets/back-icon@2x.png
2026-03-13 16:39:59 +0000  copying file ./assets/node_modules/@react-navigation/elements/lib/module/assets/search-icon@2x.png ... 
2026-03-13 16:39:59 +0000  589 bytes for ./assets/node_modules/@react-navigation/elements/lib/module/assets/search-icon@2x.png
2026-03-13 16:39:59 +0000  copying file ./assets/node_modules/@react-navigation/elements/lib/module/assets/clear-icon@3x.png ... 
2026-03-13 16:39:59 +0000  502 bytes for ./assets/node_modules/@react-navigation/elements/lib/module/assets/clear-icon@3x.png
2026-03-13 16:39:59 +0000  copying file ./assets/node_modules/@react-navigation/elements/lib/module/assets/back-icon.png ... 
2026-03-13 16:39:59 +0000  290 bytes for ./assets/node_modules/@react-navigation/elements/lib/module/assets/back-icon.png
2026-03-13 16:39:59 +0000  copying file ./assets/node_modules/@react-navigation/elements/lib/module/assets/clear-icon@2x.png ... 
2026-03-13 16:39:59 +0000  334 bytes for ./assets/node_modules/@react-navigation/elements/lib/module/assets/clear-icon@2x.png
2026-03-13 16:39:59 +0000  copying file ./assets/node_modules/@react-navigation/elements/lib/module/assets/search-icon@3x.png ... 
2026-03-13 16:39:59 +0000  839 bytes for ./assets/node_modules/@react-navigation/elements/lib/module/assets/search-icon@3x.png
2026-03-13 16:39:59 +0000  copying file ./assets/node_modules/@react-navigation/elements/lib/module/assets/close-icon.png ... 
2026-03-13 16:39:59 +0000  141 bytes for ./assets/node_modules/@react-navigation/elements/lib/module/assets/close-icon.png
2026-03-13 16:39:59 +0000  copying file ./assets/node_modules/@react-navigation/elements/lib/module/assets/back-icon-mask.png ... 
2026-03-13 16:39:59 +0000  653 bytes for ./assets/node_modules/@react-navigation/elements/lib/module/assets/back-icon-mask.png
2026-03-13 16:39:59 +0000  copying file ./assets/node_modules/@react-navigation/elements/lib/module/assets/close-icon@2x.png ... 
2026-03-13 16:39:59 +0000  201 bytes for ./assets/node_modules/@react-navigation/elements/lib/module/assets/close-icon@2x.png
2026-03-13 16:39:59 +0000  copying file ./assets/node_modules/@react-navigation/elements/lib/module/assets/close-icon@3x.png ... 
2026-03-13 16:39:59 +0000  266 bytes for ./assets/node_modules/@react-navigation/elements/lib/module/assets/close-icon@3x.png
2026-03-13 16:39:59 +0000  copying file ./assets/node_modules/@react-navigation/elements/lib/module/assets/clear-icon.png ... 
2026-03-13 16:39:59 +0000  220 bytes for ./assets/node_modules/@react-navigation/elements/lib/module/assets/clear-icon.png
2026-03-13 16:39:59 +0000  copying file ./assets/node_modules/@react-navigation/elements/lib/module/assets/search-icon.png ... 
2026-03-13 16:39:59 +0000  317 bytes for ./assets/node_modules/@react-navigation/elements/lib/module/assets/search-icon.png
2026-03-13 16:39:59 +0000  copying file ./assets/node_modules/react-native-paper/src/assets/back-chevron.png ... 
2026-03-13 16:39:59 +0000  489 bytes for ./assets/node_modules/react-native-paper/src/assets/back-chevron.png
2026-03-13 16:39:59 +0000  copying file ./assets/assets/profilewomen.png ... 
2026-03-13 16:40:00 +0000  771798 bytes for ./assets/assets/profilewomen.png
2026-03-13 16:40:00 +0000  copying file ./assets/assets/policynotfound.png ... 
2026-03-13 16:40:00 +0000  1283959 bytes for ./assets/assets/policynotfound.png
2026-03-13 16:40:00 +0000  copying file ./assets/assets/taltodocgp.png ... 
2026-03-13 16:40:00 +0000  2296592 bytes for ./assets/assets/taltodocgp.png
2026-03-13 16:40:00 +0000  copying file ./assets/assets/profileman.png ... 
2026-03-13 16:40:00 +0000  766572 bytes for ./assets/assets/profileman.png
2026-03-13 16:40:00 +0000  copying file ./assets/assets/survey_vector1.png ... 
2026-03-13 16:40:00 +0000  2309278 bytes for ./assets/assets/survey_vector1.png
2026-03-13 16:40:00 +0000  copying file ./assets/assets/RelevantLaws.png ... 
2026-03-13 16:40:00 +0000  102486 bytes for ./assets/assets/RelevantLaws.png
2026-03-13 16:40:00 +0000  copying file ./assets/assets/micosoft.png ... 
2026-03-13 16:40:00 +0000  105769 bytes for ./assets/assets/micosoft.png
2026-03-13 16:40:00 +0000  copying file ./assets/assets/Login.png ... 
2026-03-13 16:40:00 +0000  428152 bytes for ./assets/assets/Login.png
2026-03-13 16:40:00 +0000  copying file ./assets/assets/policies.png ... 
2026-03-13 16:40:00 +0000  746452 bytes for ./assets/assets/policies.png
2026-03-13 16:40:00 +0000  copying file ./assets/assets/policy.png ... 
2026-03-13 16:40:00 +0000  14456 bytes for ./assets/assets/policy.png
2026-03-13 16:40:00 +0000  copying file ./assets/assets/Wellness.png ... 
2026-03-13 16:40:00 +0000  1647102 bytes for ./assets/assets/Wellness.png
2026-03-13 16:40:00 +0000  copying file ./assets/assets/whitelogoanimation.gif ... 
2026-03-13 16:40:00 +0000  632743 bytes for ./assets/assets/whitelogoanimation.gif
2026-03-13 16:40:00 +0000  copying file ./assets/assets/oldlady.png ... 
2026-03-13 16:40:00 +0000  1668455 bytes for ./assets/assets/oldlady.png
2026-03-13 16:40:00 +0000  copying file ./assets/assets/oldmanavtar.png ... 
2026-03-13 16:40:00 +0000  478293 bytes for ./assets/assets/oldmanavtar.png
2026-03-13 16:40:00 +0000  copying file ./assets/assets/women.png ... 
2026-03-13 16:40:00 +0000  1535314 bytes for ./assets/assets/women.png
2026-03-13 16:40:00 +0000  copying file ./assets/assets/floatingbuttonn.png ... 
2026-03-13 16:40:00 +0000  108966 bytes for ./assets/assets/floatingbuttonn.png
2026-03-13 16:40:00 +0000  copying file ./assets/assets/Home.png ... 
2026-03-13 16:40:00 +0000  1046756 bytes for ./assets/assets/Home.png
2026-03-13 16:40:00 +0000  copying file ./assets/assets/girl.png ... 
2026-03-13 16:40:00 +0000  1950363 bytes for ./assets/assets/girl.png
2026-03-13 16:40:00 +0000  copying file ./assets/assets/empsu1.png ... 
2026-03-13 16:40:00 +0000  342391 bytes for ./assets/assets/empsu1.png
2026-03-13 16:40:00 +0000  copying file ./assets/assets/talktodocb.png ... 
2026-03-13 16:40:00 +0000  473273 bytes for ./assets/assets/talktodocb.png
2026-03-13 16:40:00 +0000  copying file ./assets/assets/claimshead.png ... 
2026-03-13 16:40:00 +0000  1298271 bytes for ./assets/assets/claimshead.png
2026-03-13 16:40:00 +0000  copying file ./assets/assets/man.png ... 
2026-03-13 16:40:00 +0000  1309304 bytes for ./assets/assets/man.png
2026-03-13 16:40:00 +0000  copying file ./assets/assets/help.png ... 
2026-03-13 16:40:00 +0000  1097483 bytes for ./assets/assets/help.png
2026-03-13 16:40:00 +0000  copying file ./assets/assets/oldman.png ... 
2026-03-13 16:40:00 +0000  1664569 bytes for ./assets/assets/oldman.png
2026-03-13 16:40:00 +0000  copying file ./assets/assets/bharatpelogo.png ... 
2026-03-13 16:40:00 +0000  7280 bytes for ./assets/assets/bharatpelogo.png
2026-03-13 16:40:00 +0000  copying file ./assets/assets/youngmanavtar.png ... 
2026-03-13 16:40:00 +0000  434236 bytes for ./assets/assets/youngmanavtar.png
2026-03-13 16:40:00 +0000  copying file ./assets/assets/purpleshortlogo.png ... 
2026-03-13 16:40:00 +0000  90681 bytes for ./assets/assets/purpleshortlogo.png
2026-03-13 16:40:00 +0000  copying file ./assets/assets/Splashbg.jpg ... 
2026-03-13 16:40:00 +0000  263868 bytes for ./assets/assets/Splashbg.jpg
2026-03-13 16:40:00 +0000  copying file ./assets/assets/Shadow.png ... 
2026-03-13 16:40:00 +0000  9526 bytes for ./assets/assets/Shadow.png
2026-03-13 16:40:00 +0000  copying file ./assets/assets/Google.png ... 
2026-03-13 16:40:00 +0000  1208982 bytes for ./assets/assets/Google.png
2026-03-13 16:40:00 +0000  copying file ./assets/assets/family3d.png ... 
2026-03-13 16:40:00 +0000  421964 bytes for ./assets/assets/family3d.png
2026-03-13 16:40:00 +0000  copying file ./assets/assets/empsu.png ... 
2026-03-13 16:40:00 +0000  332255 bytes for ./assets/assets/empsu.png
2026-03-13 16:40:00 +0000  copying file ./assets/assets/baby.png ... 
2026-03-13 16:40:00 +0000  1635005 bytes for ./assets/assets/baby.png
2026-03-13 16:40:00 +0000  copying file ./assets/assets/yoga.png ... 
2026-03-13 16:40:00 +0000  1411871 bytes for ./assets/assets/yoga.png
2026-03-13 16:40:00 +0000  copying file ./assets/assets/boy.png ... 
2026-03-13 16:40:00 +0000  1607392 bytes for ./assets/assets/boy.png
2026-03-13 16:40:00 +0000  copying file ./assets/assets/fingerprintsucess.gif ... 
2026-03-13 16:40:00 +0000  113566 bytes for ./assets/assets/fingerprintsucess.gif
2026-03-13 16:40:00 +0000  copying file ./assets/assets/WhiteNewZoomConnectlogo.png ... 
2026-03-13 16:40:00 +0000  638171 bytes for ./assets/assets/WhiteNewZoomConnectlogo.png
2026-03-13 16:40:00 +0000  copying file ./Info.plist ... 
2026-03-13 16:40:00 +0000  5926 bytes for ./Info.plist
2026-03-13 16:40:00 +0000  copying file ./RNCAsyncStorage_resources.bundle/PrivacyInfo.xcprivacy ... 
2026-03-13 16:40:00 +0000  512 bytes for ./RNCAsyncStorage_resources.bundle/PrivacyInfo.xcprivacy
2026-03-13 16:40:00 +0000  copying file ./RNCAsyncStorage_resources.bundle/Info.plist ... 
2026-03-13 16:40:00 +0000  799 bytes for ./RNCAsyncStorage_resources.bundle/Info.plist
2026-03-13 16:40:00 +0000  copying file ./PkgInfo ... 
2026-03-13 16:40:00 +0000  8 bytes for ./PkgInfo
2026-03-13 16:40:00 +0000  copying file ./MaterialIcons.ttf ... 
2026-03-13 16:40:00 +0000  356840 bytes for ./MaterialIcons.ttf
2026-03-13 16:40:00 +0000  copying file ./React-Core_privacy.bundle/PrivacyInfo.xcprivacy ... 
2026-03-13 16:40:00 +0000  768 bytes for ./React-Core_privacy.bundle/PrivacyInfo.xcprivacy
2026-03-13 16:40:00 +0000  copying file ./React-Core_privacy.bundle/Info.plist ... 
2026-03-13 16:40:00 +0000  786 bytes for ./React-Core_privacy.bundle/Info.plist
2026-03-13 16:40:00 +0000  /usr/bin/ditto exited with 0
2026-03-13 16:40:00 +0000  Processing step: IDEDistributionEmbedProfileStep
2026-03-13 16:40:00 +0000  Skipping profile for item: <IDEDistributionItem: 0x60005b03b660; bundleID='dev.hermesengine.iphoneos', path='<DVTFilePath:0x600047c1e5a0:'/Users/mac/Library/Developer/Xcode/Archives/2026-03-13/ZoomConnect 13-03-26, 10.09 PM.xcarchive/Products/Applications/ZoomConnect.app/Frameworks/hermesvm.framework'>', codeSigningInfo='<_DVTCodeSigningInformation_Path: 0x60003f6e4190; isSigned='1', isAdHocSigned='0', signingCertificate='<DVTSigningCertificate: 0x60004e0612c0; name='Apple Development: Ritesh Aggarwal (2S98Q7W6QR)', hash='16286D3F3BBD4ECB13743FD436C6AA6C55973696', serialNumber='BC2D9EE6EA4493E59D8E63BD246FA8E', certificateKinds='(
    "1.2.840.113635.100.6.1.12",
    "1.2.840.113635.100.6.1.2"
), issueDate='2025-05-27 13:36:47 +0000''>', entitlements='(null)', teamID='LYK268N3T3', identifier='dev.hermesengine.iphoneos', executablePath='<DVTFilePath:0x60005b1e4960:'/Users/mac/Library/Developer/Xcode/Archives/2026-03-13/ZoomConnect 13-03-26, 10.09 PM.xcarchive/Products/Applications/ZoomConnect.app/Frameworks/hermesvm.framework/hermesvm'>', hardenedRuntime='0'>'>
2026-03-13 16:40:00 +0000  Processing step: IDEDistributionInfoPlistStep
2026-03-13 16:40:00 +0000  Skipping step: IDEDistributionInfoPlistStep because it said so
2026-03-13 16:40:00 +0000  Skipping step: IDEDistributionInfoPlistStep because it said so
2026-03-13 16:40:00 +0000  Processing step: IDEDistributionAppThinningPlistStep
2026-03-13 16:40:00 +0000  Skipping step: IDEDistributionAppThinningPlistStep because it said so
2026-03-13 16:40:00 +0000  Processing step: IDEDistributionSymbolsStep
2026-03-13 16:40:00 +0000  Skipping step: IDEDistributionSymbolsStep because it said so
2026-03-13 16:40:00 +0000  Processing step: IDEDistributionAppThinningStep
2026-03-13 16:40:00 +0000  Skipping step: IDEDistributionAppThinningStep because it said so
2026-03-13 16:40:00 +0000  Processing step: IDEDistributionArchThinningStep
2026-03-13 16:40:00 +0000  Item /Users/mac/Library/Developer/Xcode/Archives/2026-03-13/ZoomConnect 13-03-26, 10.09 PM.xcarchive/Products/Applications/ZoomConnect.app/Frameworks/hermesvm.framework doesn't have the entitlement com.apple.developer.web-browser-engine.host enabled, returning ["arm64e"]
2026-03-13 16:40:00 +0000  Archs to thin for item /Users/mac/Library/Developer/Xcode/Archives/2026-03-13/ZoomConnect 13-03-26, 10.09 PM.xcarchive/Products/Applications/ZoomConnect.app/Frameworks/hermesvm.framework are ["arm64e"]
2026-03-13 16:40:00 +0000  Running /Applications/Xcode.app/Contents/Developer/Toolchains/XcodeDefault.xctoolchain/usr/bin/lipo '/var/folders/z3/xqw4cpx91yqfslzyxdj305wc0000gn/T/XcodeDistPipeline.~~~kNa5TQ/Root/Payload/ZoomConnect.app/Frameworks/hermesvm.framework/hermesvm' '-verify_arch' 'arm64e'
2026-03-13 16:40:00 +0000  /Applications/Xcode.app/Contents/Developer/Toolchains/XcodeDefault.xctoolchain/usr/bin/lipo exited with 1
2026-03-13 16:40:00 +0000  Skipping architecture thinning for item "hermesvm" because arch "arm64e" wasn't found
2026-03-13 16:40:00 +0000  Item /Users/mac/Library/Developer/Xcode/Archives/2026-03-13/ZoomConnect 13-03-26, 10.09 PM.xcarchive/Products/Applications/ZoomConnect.app doesn't have the entitlement com.apple.developer.web-browser-engine.host enabled, returning ["arm64e"]
2026-03-13 16:40:00 +0000  Archs to thin for item /Users/mac/Library/Developer/Xcode/Archives/2026-03-13/ZoomConnect 13-03-26, 10.09 PM.xcarchive/Products/Applications/ZoomConnect.app are ["arm64e"]
2026-03-13 16:40:00 +0000  Running /Applications/Xcode.app/Contents/Developer/Toolchains/XcodeDefault.xctoolchain/usr/bin/lipo '/var/folders/z3/xqw4cpx91yqfslzyxdj305wc0000gn/T/XcodeDistPipeline.~~~kNa5TQ/Root/Payload/ZoomConnect.app/ZoomConnect' '-verify_arch' 'arm64e'
2026-03-13 16:40:00 +0000  /Applications/Xcode.app/Contents/Developer/Toolchains/XcodeDefault.xctoolchain/usr/bin/lipo exited with 1
2026-03-13 16:40:00 +0000  Skipping architecture thinning for item "ZoomConnect" because arch "arm64e" wasn't found
2026-03-13 16:40:00 +0000  Processing step: IDEDistributionODRStep
2026-03-13 16:40:00 +0000  Processing step: IDEDistributionStripXattrsStep
2026-03-13 16:40:00 +0000  Skipping stripping extended attributes because the codesign step will strip them.
2026-03-13 16:40:00 +0000  Skipping stripping extended attributes because the codesign step will strip them.
2026-03-13 16:40:00 +0000  Processing step: IDEDistributionCodesignStep
2026-03-13 16:40:00 +0000  Entitlements for <IDEDistributionItem: 0x60005b03b660; bundleID='dev.hermesengine.iphoneos', path='<DVTFilePath:0x600047c1e5a0:'/Users/mac/Library/Developer/Xcode/Archives/2026-03-13/ZoomConnect 13-03-26, 10.09 PM.xcarchive/Products/Applications/ZoomConnect.app/Frameworks/hermesvm.framework'>', codeSigningInfo='<_DVTCodeSigningInformation_Path: 0x60003f6e4190; isSigned='1', isAdHocSigned='0', signingCertificate='<DVTSigningCertificate: 0x60004e06d980; name='Apple Development: Ritesh Aggarwal (2S98Q7W6QR)', hash='16286D3F3BBD4ECB13743FD436C6AA6C55973696', serialNumber='BC2D9EE6EA4493E59D8E63BD246FA8E', certificateKinds='(
    "1.2.840.113635.100.6.1.12",
    "1.2.840.113635.100.6.1.2"
), issueDate='2025-05-27 13:36:47 +0000''>', entitlements='(null)', teamID='LYK268N3T3', identifier='dev.hermesengine.iphoneos', executablePath='<DVTFilePath:0x60005b1e4960:'/Users/mac/Library/Developer/Xcode/Archives/2026-03-13/ZoomConnect 13-03-26, 10.09 PM.xcarchive/Products/Applications/ZoomConnect.app/Frameworks/hermesvm.framework/hermesvm'>', hardenedRuntime='0'>'>: {
}
2026-03-13 16:40:00 +0000  Associated App Clip Identifiers Filter: Skipping because "com.apple.developer.associated-appclip-app-identifiers" is not present
2026-03-13 16:40:00 +0000  Entitlements for <IDEDistributionItem: 0x60005b03b660; bundleID='dev.hermesengine.iphoneos', path='<DVTFilePath:0x600047c1e5a0:'/Users/mac/Library/Developer/Xcode/Archives/2026-03-13/ZoomConnect 13-03-26, 10.09 PM.xcarchive/Products/Applications/ZoomConnect.app/Frameworks/hermesvm.framework'>', codeSigningInfo='<_DVTCodeSigningInformation_Path: 0x60003f6e4190; isSigned='1', isAdHocSigned='0', signingCertificate='<DVTSigningCertificate: 0x60004e06e880; name='Apple Development: Ritesh Aggarwal (2S98Q7W6QR)', hash='16286D3F3BBD4ECB13743FD436C6AA6C55973696', serialNumber='BC2D9EE6EA4493E59D8E63BD246FA8E', certificateKinds='(
    "1.2.840.113635.100.6.1.12",
    "1.2.840.113635.100.6.1.2"
), issueDate='2025-05-27 13:36:47 +0000''>', entitlements='(null)', teamID='LYK268N3T3', identifier='dev.hermesengine.iphoneos', executablePath='<DVTFilePath:0x60005b1e4960:'/Users/mac/Library/Developer/Xcode/Archives/2026-03-13/ZoomConnect 13-03-26, 10.09 PM.xcarchive/Products/Applications/ZoomConnect.app/Frameworks/hermesvm.framework/hermesvm'>', hardenedRuntime='0'>'> are: {
}
2026-03-13 16:40:00 +0000  Writing entitlements for <IDEDistributionItem: 0x60005b03b660; bundleID='dev.hermesengine.iphoneos', path='<DVTFilePath:0x600047c1e5a0:'/Users/mac/Library/Developer/Xcode/Archives/2026-03-13/ZoomConnect 13-03-26, 10.09 PM.xcarchive/Products/Applications/ZoomConnect.app/Frameworks/hermesvm.framework'>', codeSigningInfo='<_DVTCodeSigningInformation_Path: 0x60003f6e4190; isSigned='1', isAdHocSigned='0', signingCertificate='<DVTSigningCertificate: 0x60004e06cc00; name='Apple Development: Ritesh Aggarwal (2S98Q7W6QR)', hash='16286D3F3BBD4ECB13743FD436C6AA6C55973696', serialNumber='BC2D9EE6EA4493E59D8E63BD246FA8E', certificateKinds='(
    "1.2.840.113635.100.6.1.12",
    "1.2.840.113635.100.6.1.2"
), issueDate='2025-05-27 13:36:47 +0000''>', entitlements='(null)', teamID='LYK268N3T3', identifier='dev.hermesengine.iphoneos', executablePath='<DVTFilePath:0x60005b1e4960:'/Users/mac/Library/Developer/Xcode/Archives/2026-03-13/ZoomConnect 13-03-26, 10.09 PM.xcarchive/Products/Applications/ZoomConnect.app/Frameworks/hermesvm.framework/hermesvm'>', hardenedRuntime='0'>'> to: /var/folders/z3/xqw4cpx91yqfslzyxdj305wc0000gn/T/XcodeDistPipeline.~~~kNa5TQ/entitlements~~~1gjleu
2026-03-13 16:40:00 +0000  invoking codesign: <NSConcreteTask: 0x60003f6b9860; launchPath='/usr/bin/codesign', arguments='(
    "-f",
    "-s",
    40EF4B2617527642BBC74EA70CA57E9A0D59862A,
    "--entitlements",
    "/var/folders/z3/xqw4cpx91yqfslzyxdj305wc0000gn/T/XcodeDistPipeline.~~~kNa5TQ/entitlements~~~1gjleu",
    "--preserve-metadata=identifier,flags,runtime",
    "--generate-entitlement-der",
    "--strip-disallowed-xattrs",
    "-vvv",
    "/var/folders/z3/xqw4cpx91yqfslzyxdj305wc0000gn/T/XcodeDistPipeline.~~~kNa5TQ/Root/Payload/ZoomConnect.app/Frameworks/hermesvm.framework"
)'>
2026-03-13 16:40:06 +0000  codesign output: /var/folders/z3/xqw4cpx91yqfslzyxdj305wc0000gn/T/XcodeDistPipeline.~~~kNa5TQ/Root/Payload/ZoomConnect.app/Frameworks/hermesvm.framework: replacing existing signature
/var/folders/z3/xqw4cpx91yqfslzyxdj305wc0000gn/T/XcodeDistPipeline.~~~kNa5TQ/Root/Payload/ZoomConnect.app/Frameworks/hermesvm.framework: signed bundle with Mach-O thin (arm64) [dev.hermesengine.iphoneos]
2026-03-13 16:40:06 +0000  Entitlements for <IDEDistributionItem: 0x60005b1c9fe0; bundleID='com.zoom.zoomconnect', path='<DVTFilePath:0x600057f220a0:'/Users/mac/Library/Developer/Xcode/Archives/2026-03-13/ZoomConnect 13-03-26, 10.09 PM.xcarchive/Products/Applications/ZoomConnect.app'>', codeSigningInfo='<_DVTCodeSigningInformation_Path: 0x60003f6e5860; isSigned='1', isAdHocSigned='0', signingCertificate='<DVTSigningCertificate: 0x60004e06d800; name='Apple Development: Ritesh Aggarwal (2S98Q7W6QR)', hash='16286D3F3BBD4ECB13743FD436C6AA6C55973696', serialNumber='BC2D9EE6EA4493E59D8E63BD246FA8E', certificateKinds='(
    "1.2.840.113635.100.6.1.12",
    "1.2.840.113635.100.6.1.2"
), issueDate='2025-05-27 13:36:47 +0000''>', entitlements='{
    "application-identifier" = "LYK268N3T3.com.zoom.zoomconnect";
    "aps-environment" = development;
    "com.apple.developer.coremotion.head-pose" = 1;
    "com.apple.developer.team-identifier" = LYK268N3T3;
    "get-task-allow" = 1;
}', teamID='LYK268N3T3', identifier='com.zoom.zoomconnect', executablePath='<DVTFilePath:0x60005b1e84e0:'/Users/mac/Library/Developer/Xcode/Archives/2026-03-13/ZoomConnect 13-03-26, 10.09 PM.xcarchive/Products/Applications/ZoomConnect.app/ZoomConnect'>', hardenedRuntime='0'>'>: {
    "application-identifier" = "LYK268N3T3.com.zoom.zoomconnect";
    "aps-environment" = production;
    "com.apple.developer.coremotion.head-pose" = 1;
    "com.apple.developer.team-identifier" = LYK268N3T3;
    "get-task-allow" = 0;
}
2026-03-13 16:40:06 +0000  Associated App Clip Identifiers Filter: Skipping because "com.apple.developer.associated-appclip-app-identifiers" is not present
2026-03-13 16:40:06 +0000  Entitlements for <IDEDistributionItem: 0x60005b1c9fe0; bundleID='com.zoom.zoomconnect', path='<DVTFilePath:0x600057f220a0:'/Users/mac/Library/Developer/Xcode/Archives/2026-03-13/ZoomConnect 13-03-26, 10.09 PM.xcarchive/Products/Applications/ZoomConnect.app'>', codeSigningInfo='<_DVTCodeSigningInformation_Path: 0x60003f6e5860; isSigned='1', isAdHocSigned='0', signingCertificate='<DVTSigningCertificate: 0x60004e06d200; name='Apple Development: Ritesh Aggarwal (2S98Q7W6QR)', hash='16286D3F3BBD4ECB13743FD436C6AA6C55973696', serialNumber='BC2D9EE6EA4493E59D8E63BD246FA8E', certificateKinds='(
    "1.2.840.113635.100.6.1.12",
    "1.2.840.113635.100.6.1.2"
), issueDate='2025-05-27 13:36:47 +0000''>', entitlements='{
    "application-identifier" = "LYK268N3T3.com.zoom.zoomconnect";
    "aps-environment" = development;
    "com.apple.developer.coremotion.head-pose" = 1;
    "com.apple.developer.team-identifier" = LYK268N3T3;
    "get-task-allow" = 1;
}', teamID='LYK268N3T3', identifier='com.zoom.zoomconnect', executablePath='<DVTFilePath:0x60005b1e84e0:'/Users/mac/Library/Developer/Xcode/Archives/2026-03-13/ZoomConnect 13-03-26, 10.09 PM.xcarchive/Products/Applications/ZoomConnect.app/ZoomConnect'>', hardenedRuntime='0'>'> are: {
    "application-identifier" = "LYK268N3T3.com.zoom.zoomconnect";
    "aps-environment" = production;
    "com.apple.developer.coremotion.head-pose" = 1;
    "com.apple.developer.team-identifier" = LYK268N3T3;
    "get-task-allow" = 0;
}
2026-03-13 16:40:06 +0000  Writing entitlements for <IDEDistributionItem: 0x60005b1c9fe0; bundleID='com.zoom.zoomconnect', path='<DVTFilePath:0x600057f220a0:'/Users/mac/Library/Developer/Xcode/Archives/2026-03-13/ZoomConnect 13-03-26, 10.09 PM.xcarchive/Products/Applications/ZoomConnect.app'>', codeSigningInfo='<_DVTCodeSigningInformation_Path: 0x60003f6e5860; isSigned='1', isAdHocSigned='0', signingCertificate='<DVTSigningCertificate: 0x60004e062880; name='Apple Development: Ritesh Aggarwal (2S98Q7W6QR)', hash='16286D3F3BBD4ECB13743FD436C6AA6C55973696', serialNumber='BC2D9EE6EA4493E59D8E63BD246FA8E', certificateKinds='(
    "1.2.840.113635.100.6.1.12",
    "1.2.840.113635.100.6.1.2"
), issueDate='2025-05-27 13:36:47 +0000''>', entitlements='{
    "application-identifier" = "LYK268N3T3.com.zoom.zoomconnect";
    "aps-environment" = development;
    "com.apple.developer.coremotion.head-pose" = 1;
    "com.apple.developer.team-identifier" = LYK268N3T3;
    "get-task-allow" = 1;
}', teamID='LYK268N3T3', identifier='com.zoom.zoomconnect', executablePath='<DVTFilePath:0x60005b1e84e0:'/Users/mac/Library/Developer/Xcode/Archives/2026-03-13/ZoomConnect 13-03-26, 10.09 PM.xcarchive/Products/Applications/ZoomConnect.app/ZoomConnect'>', hardenedRuntime='0'>'> to: /var/folders/z3/xqw4cpx91yqfslzyxdj305wc0000gn/T/XcodeDistPipeline.~~~kNa5TQ/entitlements~~~A4672h
2026-03-13 16:40:06 +0000  invoking codesign: <NSConcreteTask: 0x60003f6bb750; launchPath='/usr/bin/codesign', arguments='(
    "-f",
    "-s",
    40EF4B2617527642BBC74EA70CA57E9A0D59862A,
    "--entitlements",
    "/var/folders/z3/xqw4cpx91yqfslzyxdj305wc0000gn/T/XcodeDistPipeline.~~~kNa5TQ/entitlements~~~A4672h",
    "--preserve-metadata=identifier,flags,runtime",
    "--generate-entitlement-der",
    "--strip-disallowed-xattrs",
    "-vvv",
    "/var/folders/z3/xqw4cpx91yqfslzyxdj305wc0000gn/T/XcodeDistPipeline.~~~kNa5TQ/Root/Payload/ZoomConnect.app"
)'>
2026-03-13 16:40:11 +0000  codesign output: /var/folders/z3/xqw4cpx91yqfslzyxdj305wc0000gn/T/XcodeDistPipeline.~~~kNa5TQ/Root/Payload/ZoomConnect.app: replacing existing signature
/var/folders/z3/xqw4cpx91yqfslzyxdj305wc0000gn/T/XcodeDistPipeline.~~~kNa5TQ/Root/Payload/ZoomConnect.app: signed app bundle with Mach-O thin (arm64) [com.zoom.zoomconnect]
2026-03-13 16:40:11 +0000  Processing step: IDEDistributionZipODRItemStep
2026-03-13 16:40:11 +0000  Skipping step: IDEDistributionZipODRItemStep because it said so
2026-03-13 16:40:11 +0000  Skipping step: IDEDistributionZipODRItemStep because it said so
2026-03-13 16:40:11 +0000  Processing step: IDEDistributionCreateIPAStep
2026-03-13 16:40:11 +0000  Running /usr/bin/ditto '-V' '-c' '-k' '--norsrc' '/var/folders/z3/xqw4cpx91yqfslzyxdj305wc0000gn/T/XcodeDistPipeline.~~~kNa5TQ/Root' '/var/folders/z3/xqw4cpx91yqfslzyxdj305wc0000gn/T/XcodeDistPipeline.~~~kNa5TQ/Packages/ZoomConnect.ipa'
2026-03-13 16:40:11 +0000  >>> Copying /var/folders/z3/xqw4cpx91yqfslzyxdj305wc0000gn/T/XcodeDistPipeline.~~~kNa5TQ/Root 
2026-03-13 16:40:11 +0000  copying file ./Payload/ZoomConnect.app/FirebaseAuth_Privacy.bundle/PrivacyInfo.xcprivacy ... 
2026-03-13 16:40:11 +0000  2102 bytes for ./Payload/ZoomConnect.app/FirebaseAuth_Privacy.bundle/PrivacyInfo.xcprivacy
2026-03-13 16:40:11 +0000  copying file ./Payload/ZoomConnect.app/FirebaseAuth_Privacy.bundle/Info.plist ... 
2026-03-13 16:40:11 +0000  790 bytes for ./Payload/ZoomConnect.app/FirebaseAuth_Privacy.bundle/Info.plist
2026-03-13 16:40:11 +0000  copying file ./Payload/ZoomConnect.app/_CodeSignature/CodeResources ... 
2026-03-13 16:40:11 +0000  52625 bytes for ./Payload/ZoomConnect.app/_CodeSignature/CodeResources
2026-03-13 16:40:11 +0000  copying file ./Payload/ZoomConnect.app/Fontisto.ttf ... 
2026-03-13 16:40:11 +0000  313528 bytes for ./Payload/ZoomConnect.app/Fontisto.ttf
2026-03-13 16:40:11 +0000  copying file ./Payload/ZoomConnect.app/Octicons.ttf ... 
2026-03-13 16:40:11 +0000  49404 bytes for ./Payload/ZoomConnect.app/Octicons.ttf
2026-03-13 16:40:11 +0000  copying file ./Payload/ZoomConnect.app/Feather.ttf ... 
2026-03-13 16:40:11 +0000  56228 bytes for ./Payload/ZoomConnect.app/Feather.ttf
2026-03-13 16:40:11 +0000  copying file ./Payload/ZoomConnect.app/FirebaseCore_Privacy.bundle/PrivacyInfo.xcprivacy ... 
2026-03-13 16:40:11 +0000  855 bytes for ./Payload/ZoomConnect.app/FirebaseCore_Privacy.bundle/PrivacyInfo.xcprivacy
2026-03-13 16:40:11 +0000  copying file ./Payload/ZoomConnect.app/FirebaseCore_Privacy.bundle/Info.plist ... 
2026-03-13 16:40:11 +0000  790 bytes for ./Payload/ZoomConnect.app/FirebaseCore_Privacy.bundle/Info.plist
2026-03-13 16:40:11 +0000  copying file ./Payload/ZoomConnect.app/ZoomConnect ... 
2026-03-13 16:40:11 +0000  11532784 bytes for ./Payload/ZoomConnect.app/ZoomConnect
2026-03-13 16:40:11 +0000  copying file ./Payload/ZoomConnect.app/FontAwesome6_Regular.ttf ... 
2026-03-13 16:40:11 +0000  67976 bytes for ./Payload/ZoomConnect.app/FontAwesome6_Regular.ttf
2026-03-13 16:40:11 +0000  copying file ./Payload/ZoomConnect.app/Entypo.ttf ... 
2026-03-13 16:40:11 +0000  66200 bytes for ./Payload/ZoomConnect.app/Entypo.ttf
2026-03-13 16:40:11 +0000  copying file ./Payload/ZoomConnect.app/RNImagePickerPrivacyInfo.bundle/PrivacyInfo.xcprivacy ... 
2026-03-13 16:40:11 +0000  905 bytes for ./Payload/ZoomConnect.app/RNImagePickerPrivacyInfo.bundle/PrivacyInfo.xcprivacy
copying file ./Payload/ZoomConnect.app/RNImagePickerPrivacyInfo.bundle/Info.plist ... 
2026-03-13 16:40:11 +0000  796 bytes for ./Payload/ZoomConnect.app/RNImagePickerPrivacyInfo.bundle/Info.plist
2026-03-13 16:40:11 +0000  copying file ./Payload/ZoomConnect.app/FontAwesome5_Brands.ttf ... 
2026-03-13 16:40:12 +0000  134040 bytes for ./Payload/ZoomConnect.app/FontAwesome5_Brands.ttf
2026-03-13 16:40:12 +0000  copying file ./Payload/ZoomConnect.app/MaterialCommunityIcons.ttf ... 
2026-03-13 16:40:12 +0000  1147844 bytes for ./Payload/ZoomConnect.app/MaterialCommunityIcons.ttf
2026-03-13 16:40:12 +0000  copying file ./Payload/ZoomConnect.app/glog_privacy.bundle/Info.plist ... 
2026-03-13 16:40:12 +0000  771 bytes for ./Payload/ZoomConnect.app/glog_privacy.bundle/Info.plist
2026-03-13 16:40:12 +0000  copying file ./Payload/ZoomConnect.app/FBLPromises_Privacy.bundle/PrivacyInfo.xcprivacy ... 
2026-03-13 16:40:12 +0000  373 bytes for ./Payload/ZoomConnect.app/FBLPromises_Privacy.bundle/PrivacyInfo.xcprivacy
2026-03-13 16:40:12 +0000  copying file ./Payload/ZoomConnect.app/FBLPromises_Privacy.bundle/Info.plist ... 
2026-03-13 16:40:12 +0000  786 bytes for ./Payload/ZoomConnect.app/FBLPromises_Privacy.bundle/Info.plist
2026-03-13 16:40:12 +0000  copying file ./Payload/ZoomConnect.app/AppIcon60x60@2x.png ... 
2026-03-13 16:40:12 +0000  3686 bytes for ./Payload/ZoomConnect.app/AppIcon60x60@2x.png
2026-03-13 16:40:12 +0000  copying file ./Payload/ZoomConnect.app/AntDesign.ttf ... 
2026-03-13 16:40:12 +0000  70344 bytes for ./Payload/ZoomConnect.app/AntDesign.ttf
2026-03-13 16:40:12 +0000  copying file ./Payload/ZoomConnect.app/Foundation.ttf ... 
2026-03-13 16:40:12 +0000  56976 bytes for ./Payload/ZoomConnect.app/Foundation.ttf
2026-03-13 16:40:12 +0000  copying file ./Payload/ZoomConnect.app/Montserrat-Bold.ttf ... 
2026-03-13 16:40:12 +0000  335788 bytes for ./Payload/ZoomConnect.app/Montserrat-Bold.ttf
2026-03-13 16:40:12 +0000  copying file ./Payload/ZoomConnect.app/Ionicons.ttf ... 
2026-03-13 16:40:12 +0000  442604 bytes for ./Payload/ZoomConnect.app/Ionicons.ttf
2026-03-13 16:40:12 +0000  copying file ./Payload/ZoomConnect.app/FontAwesome5_Solid.ttf ... 
2026-03-13 16:40:12 +0000  202744 bytes for ./Payload/ZoomConnect.app/FontAwesome5_Solid.ttf
2026-03-13 16:40:12 +0000  copying file ./Payload/ZoomConnect.app/FirebaseCoreInternal_Privacy.bundle/PrivacyInfo.xcprivacy ... 
2026-03-13 16:40:12 +0000  855 bytes for ./Payload/ZoomConnect.app/FirebaseCoreInternal_Privacy.bundle/PrivacyInfo.xcprivacy
2026-03-13 16:40:12 +0000  copying file ./Payload/ZoomConnect.app/FirebaseCoreInternal_Privacy.bundle/Info.plist ... 
2026-03-13 16:40:12 +0000  806 bytes for ./Payload/ZoomConnect.app/FirebaseCoreInternal_Privacy.bundle/Info.plist
2026-03-13 16:40:12 +0000  copying file ./Payload/ZoomConnect.app/GoogleDataTransport_Privacy.bundle/PrivacyInfo.xcprivacy ... 
2026-03-13 16:40:12 +0000  1105 bytes for ./Payload/ZoomConnect.app/GoogleDataTransport_Privacy.bundle/PrivacyInfo.xcprivacy
2026-03-13 16:40:12 +0000  copying file ./Payload/ZoomConnect.app/GoogleDataTransport_Privacy.bundle/Info.plist ... 
2026-03-13 16:40:12 +0000  804 bytes for ./Payload/ZoomConnect.app/GoogleDataTransport_Privacy.bundle/Info.plist
2026-03-13 16:40:12 +0000  copying file ./Payload/ZoomConnect.app/FontAwesome5_Regular.ttf ... 
2026-03-13 16:40:12 +0000  33736 bytes for ./Payload/ZoomConnect.app/FontAwesome5_Regular.ttf
2026-03-13 16:40:12 +0000  copying file ./Payload/ZoomConnect.app/React-cxxreact_privacy.bundle/PrivacyInfo.xcprivacy ... 
2026-03-13 16:40:12 +0000  552 bytes for ./Payload/ZoomConnect.app/React-cxxreact_privacy.bundle/PrivacyInfo.xcprivacy
2026-03-13 16:40:12 +0000  copying file ./Payload/ZoomConnect.app/React-cxxreact_privacy.bundle/Info.plist ... 
2026-03-13 16:40:12 +0000  794 bytes for ./Payload/ZoomConnect.app/React-cxxreact_privacy.bundle/Info.plist
2026-03-13 16:40:12 +0000  copying file ./Payload/ZoomConnect.app/GTMAppAuth_Privacy.bundle/PrivacyInfo.xcprivacy ... 
2026-03-13 16:40:12 +0000  373 bytes for ./Payload/ZoomConnect.app/GTMAppAuth_Privacy.bundle/PrivacyInfo.xcprivacy
2026-03-13 16:40:12 +0000  copying file ./Payload/ZoomConnect.app/GTMAppAuth_Privacy.bundle/Info.plist ... 
2026-03-13 16:40:12 +0000  785 bytes for ./Payload/ZoomConnect.app/GTMAppAuth_Privacy.bundle/Info.plist
2026-03-13 16:40:12 +0000  copying file ./Payload/ZoomConnect.app/nanopb_Privacy.bundle/PrivacyInfo.xcprivacy ... 
2026-03-13 16:40:12 +0000  374 bytes for ./Payload/ZoomConnect.app/nanopb_Privacy.bundle/PrivacyInfo.xcprivacy
2026-03-13 16:40:12 +0000  copying file ./Payload/ZoomConnect.app/nanopb_Privacy.bundle/Info.plist ... 
2026-03-13 16:40:12 +0000  779 bytes for ./Payload/ZoomConnect.app/nanopb_Privacy.bundle/Info.plist
2026-03-13 16:40:12 +0000  copying file ./Payload/ZoomConnect.app/FirebaseMessaging_Privacy.bundle/PrivacyInfo.xcprivacy ... 
2026-03-13 16:40:12 +0000  2357 bytes for ./Payload/ZoomConnect.app/FirebaseMessaging_Privacy.bundle/PrivacyInfo.xcprivacy
2026-03-13 16:40:12 +0000  copying file ./Payload/ZoomConnect.app/FirebaseMessaging_Privacy.bundle/Info.plist ... 
2026-03-13 16:40:12 +0000  800 bytes for ./Payload/ZoomConnect.app/FirebaseMessaging_Privacy.bundle/Info.plist
2026-03-13 16:40:12 +0000  copying file ./Payload/ZoomConnect.app/GoogleService-Info.plist ... 
2026-03-13 16:40:12 +0000  777 bytes for ./Payload/ZoomConnect.app/GoogleService-Info.plist
2026-03-13 16:40:12 +0000  copying file ./Payload/ZoomConnect.app/FirebaseCoreExtension_Privacy.bundle/PrivacyInfo.xcprivacy ... 
2026-03-13 16:40:12 +0000  478 bytes for ./Payload/ZoomConnect.app/FirebaseCoreExtension_Privacy.bundle/PrivacyInfo.xcprivacy
2026-03-13 16:40:12 +0000  copying file ./Payload/ZoomConnect.app/FirebaseCoreExtension_Privacy.bundle/Info.plist ... 
2026-03-13 16:40:12 +0000  808 bytes for ./Payload/ZoomConnect.app/FirebaseCoreExtension_Privacy.bundle/Info.plist
2026-03-13 16:40:12 +0000  copying file ./Payload/ZoomConnect.app/FontAwesome.ttf ... 
2026-03-13 16:40:12 +0000  165548 bytes for ./Payload/ZoomConnect.app/FontAwesome.ttf
2026-03-13 16:40:12 +0000  copying file ./Payload/ZoomConnect.app/GTMSessionFetcher_Core_Privacy.bundle/PrivacyInfo.xcprivacy ... 
2026-03-13 16:40:12 +0000  598 bytes for ./Payload/ZoomConnect.app/GTMSessionFetcher_Core_Privacy.bundle/PrivacyInfo.xcprivacy
2026-03-13 16:40:12 +0000  copying file ./Payload/ZoomConnect.app/GTMSessionFetcher_Core_Privacy.bundle/Info.plist ... 
2026-03-13 16:40:12 +0000  809 bytes for ./Payload/ZoomConnect.app/GTMSessionFetcher_Core_Privacy.bundle/Info.plist
2026-03-13 16:40:12 +0000  copying file ./Payload/ZoomConnect.app/GoogleSignIn.bundle/de.lproj/GoogleSignIn.strings ... 
2026-03-13 16:40:12 +0000  1703 bytes for ./Payload/ZoomConnect.app/GoogleSignIn.bundle/de.lproj/GoogleSignIn.strings
2026-03-13 16:40:12 +0000  copying file ./Payload/ZoomConnect.app/GoogleSignIn.bundle/he.lproj/GoogleSignIn.strings ... 
2026-03-13 16:40:12 +0000  1780 bytes for ./Payload/ZoomConnect.app/GoogleSignIn.bundle/he.lproj/GoogleSignIn.strings
2026-03-13 16:40:12 +0000  copying file ./Payload/ZoomConnect.app/GoogleSignIn.bundle/ar.lproj/GoogleSignIn.strings ... 
2026-03-13 16:40:12 +0000  1759 bytes for ./Payload/ZoomConnect.app/GoogleSignIn.bundle/ar.lproj/GoogleSignIn.strings
2026-03-13 16:40:12 +0000  copying file ./Payload/ZoomConnect.app/GoogleSignIn.bundle/el.lproj/GoogleSignIn.strings ... 
2026-03-13 16:40:12 +0000  2103 bytes for ./Payload/ZoomConnect.app/GoogleSignIn.bundle/el.lproj/GoogleSignIn.strings
2026-03-13 16:40:12 +0000  copying file ./Payload/ZoomConnect.app/GoogleSignIn.bundle/ja.lproj/GoogleSignIn.strings ... 
2026-03-13 16:40:12 +0000  1711 bytes for ./Payload/ZoomConnect.app/GoogleSignIn.bundle/ja.lproj/GoogleSignIn.strings
2026-03-13 16:40:12 +0000  copying file ./Payload/ZoomConnect.app/GoogleSignIn.bundle/en.lproj/GoogleSignIn.strings ... 
2026-03-13 16:40:12 +0000  1547 bytes for ./Payload/ZoomConnect.app/GoogleSignIn.bundle/en.lproj/GoogleSignIn.strings
2026-03-13 16:40:12 +0000  copying file ./Payload/ZoomConnect.app/GoogleSignIn.bundle/uk.lproj/GoogleSignIn.strings ... 
2026-03-13 16:40:12 +0000  1864 bytes for ./Payload/ZoomConnect.app/GoogleSignIn.bundle/uk.lproj/GoogleSignIn.strings
2026-03-13 16:40:12 +0000  copying file ./Payload/ZoomConnect.app/GoogleSignIn.bundle/es_MX.lproj/GoogleSignIn.strings ... 
2026-03-13 16:40:12 +0000  1607 bytes for ./Payload/ZoomConnect.app/GoogleSignIn.bundle/es_MX.lproj/GoogleSignIn.strings
2026-03-13 16:40:12 +0000  copying file ./Payload/ZoomConnect.app/GoogleSignIn.bundle/zh_CN.lproj/GoogleSignIn.strings ... 
2026-03-13 16:40:12 +0000  1489 bytes for ./Payload/ZoomConnect.app/GoogleSignIn.bundle/zh_CN.lproj/GoogleSignIn.strings
2026-03-13 16:40:12 +0000  copying file ./Payload/ZoomConnect.app/GoogleSignIn.bundle/nb.lproj/GoogleSignIn.strings ... 
2026-03-13 16:40:12 +0000  1593 bytes for ./Payload/ZoomConnect.app/GoogleSignIn.bundle/nb.lproj/GoogleSignIn.strings
2026-03-13 16:40:12 +0000  copying file ./Payload/ZoomConnect.app/GoogleSignIn.bundle/es.lproj/GoogleSignIn.strings ... 
2026-03-13 16:40:12 +0000  1678 bytes for ./Payload/ZoomConnect.app/GoogleSignIn.bundle/es.lproj/GoogleSignIn.strings
2026-03-13 16:40:12 +0000  copying file ./Payload/ZoomConnect.app/GoogleSignIn.bundle/pt_BR.lproj/GoogleSignIn.strings ... 
2026-03-13 16:40:12 +0000  1608 bytes for ./Payload/ZoomConnect.app/GoogleSignIn.bundle/pt_BR.lproj/GoogleSignIn.strings
2026-03-13 16:40:12 +0000  copying file ./Payload/ZoomConnect.app/GoogleSignIn.bundle/da.lproj/GoogleSignIn.strings ... 
2026-03-13 16:40:12 +0000  1611 bytes for ./Payload/ZoomConnect.app/GoogleSignIn.bundle/da.lproj/GoogleSignIn.strings
2026-03-13 16:40:12 +0000  copying file ./Payload/ZoomConnect.app/GoogleSignIn.bundle/it.lproj/GoogleSignIn.strings ... 
2026-03-13 16:40:12 +0000  1570 bytes for ./Payload/ZoomConnect.app/GoogleSignIn.bundle/it.lproj/GoogleSignIn.strings
2026-03-13 16:40:12 +0000  copying file ./Payload/ZoomConnect.app/GoogleSignIn.bundle/sk.lproj/GoogleSignIn.strings ... 
2026-03-13 16:40:12 +0000  1665 bytes for ./Payload/ZoomConnect.app/GoogleSignIn.bundle/sk.lproj/GoogleSignIn.strings
2026-03-13 16:40:12 +0000  copying file ./Payload/ZoomConnect.app/GoogleSignIn.bundle/pt_PT.lproj/GoogleSignIn.strings ... 
2026-03-13 16:40:12 +0000  1646 bytes for ./Payload/ZoomConnect.app/GoogleSignIn.bundle/pt_PT.lproj/GoogleSignIn.strings
2026-03-13 16:40:12 +0000  copying file ./Payload/ZoomConnect.app/GoogleSignIn.bundle/google@3x.png ... 
2026-03-13 16:40:12 +0000  1773 bytes for ./Payload/ZoomConnect.app/GoogleSignIn.bundle/google@3x.png
2026-03-13 16:40:12 +0000  copying file ./Payload/ZoomConnect.app/GoogleSignIn.bundle/ms.lproj/GoogleSignIn.strings ... 
2026-03-13 16:40:12 +0000  1565 bytes for ./Payload/ZoomConnect.app/GoogleSignIn.bundle/ms.lproj/GoogleSignIn.strings
2026-03-13 16:40:12 +0000  copying file ./Payload/ZoomConnect.app/GoogleSignIn.bundle/sv.lproj/GoogleSignIn.strings ... 
2026-03-13 16:40:12 +0000  1579 bytes for ./Payload/ZoomConnect.app/GoogleSignIn.bundle/sv.lproj/GoogleSignIn.strings
2026-03-13 16:40:12 +0000  copying file ./Payload/ZoomConnect.app/GoogleSignIn.bundle/cs.lproj/GoogleSignIn.strings ... 
2026-03-13 16:40:12 +0000  1615 bytes for ./Payload/ZoomConnect.app/GoogleSignIn.bundle/cs.lproj/GoogleSignIn.strings
2026-03-13 16:40:12 +0000  copying file ./Payload/ZoomConnect.app/GoogleSignIn.bundle/google@2x.png ... 
2026-03-13 16:40:12 +0000  1166 bytes for ./Payload/ZoomConnect.app/GoogleSignIn.bundle/google@2x.png
2026-03-13 16:40:12 +0000  copying file ./Payload/ZoomConnect.app/GoogleSignIn.bundle/ko.lproj/GoogleSignIn.strings ... 
2026-03-13 16:40:12 +0000  1634 bytes for ./Payload/ZoomConnect.app/GoogleSignIn.bundle/ko.lproj/GoogleSignIn.strings
2026-03-13 16:40:12 +0000  copying file ./Payload/ZoomConnect.app/GoogleSignIn.bundle/hu.lproj/GoogleSignIn.strings ... 
2026-03-13 16:40:12 +0000  1663 bytes for ./Payload/ZoomConnect.app/GoogleSignIn.bundle/hu.lproj/GoogleSignIn.strings
2026-03-13 16:40:12 +0000  copying file ./Payload/ZoomConnect.app/GoogleSignIn.bundle/tr.lproj/GoogleSignIn.strings ... 
2026-03-13 16:40:12 +0000  1596 bytes for ./Payload/ZoomConnect.app/GoogleSignIn.bundle/tr.lproj/GoogleSignIn.strings
2026-03-13 16:40:12 +0000  copying file ./Payload/ZoomConnect.app/GoogleSignIn.bundle/pl.lproj/GoogleSignIn.strings ... 
2026-03-13 16:40:12 +0000  1578 bytes for ./Payload/ZoomConnect.app/GoogleSignIn.bundle/pl.lproj/GoogleSignIn.strings
2026-03-13 16:40:12 +0000  copying file ./Payload/ZoomConnect.app/GoogleSignIn.bundle/zh_TW.lproj/GoogleSignIn.strings ... 
2026-03-13 16:40:12 +0000  1525 bytes for ./Payload/ZoomConnect.app/GoogleSignIn.bundle/zh_TW.lproj/GoogleSignIn.strings
2026-03-13 16:40:12 +0000  copying file ./Payload/ZoomConnect.app/GoogleSignIn.bundle/en_GB.lproj/GoogleSignIn.strings ... 
2026-03-13 16:40:12 +0000  1547 bytes for ./Payload/ZoomConnect.app/GoogleSignIn.bundle/en_GB.lproj/GoogleSignIn.strings
2026-03-13 16:40:12 +0000  copying file ./Payload/ZoomConnect.app/GoogleSignIn.bundle/vi.lproj/GoogleSignIn.strings ... 
2026-03-13 16:40:12 +0000  1717 bytes for ./Payload/ZoomConnect.app/GoogleSignIn.bundle/vi.lproj/GoogleSignIn.strings
2026-03-13 16:40:12 +0000  copying file ./Payload/ZoomConnect.app/GoogleSignIn.bundle/PrivacyInfo.xcprivacy ... 
2026-03-13 16:40:12 +0000  3756 bytes for ./Payload/ZoomConnect.app/GoogleSignIn.bundle/PrivacyInfo.xcprivacy
2026-03-13 16:40:12 +0000  copying file ./Payload/ZoomConnect.app/GoogleSignIn.bundle/ru.lproj/GoogleSignIn.strings ... 
2026-03-13 16:40:12 +0000  1954 bytes for ./Payload/ZoomConnect.app/GoogleSignIn.bundle/ru.lproj/GoogleSignIn.strings
2026-03-13 16:40:12 +0000  copying file ./Payload/ZoomConnect.app/GoogleSignIn.bundle/fr_CA.lproj/GoogleSignIn.strings ... 
2026-03-13 16:40:12 +0000  1657 bytes for ./Payload/ZoomConnect.app/GoogleSignIn.bundle/fr_CA.lproj/GoogleSignIn.strings
2026-03-13 16:40:12 +0000  copying file ./Payload/ZoomConnect.app/GoogleSignIn.bundle/fr.lproj/GoogleSignIn.strings ... 
2026-03-13 16:40:12 +0000  1676 bytes for ./Payload/ZoomConnect.app/GoogleSignIn.bundle/fr.lproj/GoogleSignIn.strings
2026-03-13 16:40:12 +0000  copying file ./Payload/ZoomConnect.app/GoogleSignIn.bundle/fi.lproj/GoogleSignIn.strings ... 
2026-03-13 16:40:12 +0000  1640 bytes for ./Payload/ZoomConnect.app/GoogleSignIn.bundle/fi.lproj/GoogleSignIn.strings
2026-03-13 16:40:12 +0000  copying file ./Payload/ZoomConnect.app/GoogleSignIn.bundle/id.lproj/GoogleSignIn.strings ... 
2026-03-13 16:40:12 +0000  1553 bytes for ./Payload/ZoomConnect.app/GoogleSignIn.bundle/id.lproj/GoogleSignIn.strings
2026-03-13 16:40:12 +0000  copying file ./Payload/ZoomConnect.app/GoogleSignIn.bundle/nl.lproj/GoogleSignIn.strings ... 
2026-03-13 16:40:12 +0000  1606 bytes for ./Payload/ZoomConnect.app/GoogleSignIn.bundle/nl.lproj/GoogleSignIn.strings
2026-03-13 16:40:12 +0000  copying file ./Payload/ZoomConnect.app/GoogleSignIn.bundle/th.lproj/GoogleSignIn.strings ... 
2026-03-13 16:40:12 +0000  2133 bytes for ./Payload/ZoomConnect.app/GoogleSignIn.bundle/th.lproj/GoogleSignIn.strings
2026-03-13 16:40:12 +0000  copying file ./Payload/ZoomConnect.app/GoogleSignIn.bundle/pt.lproj/GoogleSignIn.strings ... 
2026-03-13 16:40:12 +0000  1608 bytes for ./Payload/ZoomConnect.app/GoogleSignIn.bundle/pt.lproj/GoogleSignIn.strings
2026-03-13 16:40:12 +0000  copying file ./Payload/ZoomConnect.app/GoogleSignIn.bundle/google.png ... 
2026-03-13 16:40:12 +0000  643 bytes for ./Payload/ZoomConnect.app/GoogleSignIn.bundle/google.png
2026-03-13 16:40:12 +0000  copying file ./Payload/ZoomConnect.app/GoogleSignIn.bundle/Roboto-Bold.ttf ... 
2026-03-13 16:40:12 +0000  127744 bytes for ./Payload/ZoomConnect.app/GoogleSignIn.bundle/Roboto-Bold.ttf
2026-03-13 16:40:12 +0000  copying file ./Payload/ZoomConnect.app/GoogleSignIn.bundle/ro.lproj/GoogleSignIn.strings ... 
2026-03-13 16:40:12 +0000  1598 bytes for ./Payload/ZoomConnect.app/GoogleSignIn.bundle/ro.lproj/GoogleSignIn.strings
2026-03-13 16:40:12 +0000  copying file ./Payload/ZoomConnect.app/GoogleSignIn.bundle/Info.plist ... 
2026-03-13 16:40:12 +0000  771 bytes for ./Payload/ZoomConnect.app/GoogleSignIn.bundle/Info.plist
2026-03-13 16:40:12 +0000  copying file ./Payload/ZoomConnect.app/GoogleSignIn.bundle/hr.lproj/GoogleSignIn.strings ... 
2026-03-13 16:40:12 +0000  1621 bytes for ./Payload/ZoomConnect.app/GoogleSignIn.bundle/hr.lproj/GoogleSignIn.strings
2026-03-13 16:40:12 +0000  copying file ./Payload/ZoomConnect.app/GoogleSignIn.bundle/hi.lproj/GoogleSignIn.strings ... 
2026-03-13 16:40:12 +0000  2286 bytes for ./Payload/ZoomConnect.app/GoogleSignIn.bundle/hi.lproj/GoogleSignIn.strings
2026-03-13 16:40:12 +0000  copying file ./Payload/ZoomConnect.app/GoogleSignIn.bundle/ca.lproj/GoogleSignIn.strings ... 
2026-03-13 16:40:12 +0000  1669 bytes for ./Payload/ZoomConnect.app/GoogleSignIn.bundle/ca.lproj/GoogleSignIn.strings
2026-03-13 16:40:12 +0000  copying file ./Payload/ZoomConnect.app/Zocial.ttf ... 
2026-03-13 16:40:12 +0000  25788 bytes for ./Payload/ZoomConnect.app/Zocial.ttf
2026-03-13 16:40:12 +0000  copying file ./Payload/ZoomConnect.app/RCT-Folly_privacy.bundle/Info.plist ... 
2026-03-13 16:40:12 +0000  788 bytes for ./Payload/ZoomConnect.app/RCT-Folly_privacy.bundle/Info.plist
2026-03-13 16:40:12 +0000  copying file ./Payload/ZoomConnect.app/DMSerifDisplay-Regular.ttf ... 
2026-03-13 16:40:12 +0000  72212 bytes for ./Payload/ZoomConnect.app/DMSerifDisplay-Regular.ttf
2026-03-13 16:40:12 +0000  copying file ./Payload/ZoomConnect.app/Assets.car ... 
2026-03-13 16:40:12 +0000  135599 bytes for ./Payload/ZoomConnect.app/Assets.car
2026-03-13 16:40:12 +0000  copying file ./Payload/ZoomConnect.app/Montserrat-SemiBold.ttf ... 
2026-03-13 16:40:12 +0000  333988 bytes for ./Payload/ZoomConnect.app/Montserrat-SemiBold.ttf
2026-03-13 16:40:12 +0000  copying file ./Payload/ZoomConnect.app/EvilIcons.ttf ... 
2026-03-13 16:40:12 +0000  13456 bytes for ./Payload/ZoomConnect.app/EvilIcons.ttf
2026-03-13 16:40:12 +0000  copying file ./Payload/ZoomConnect.app/FirebaseInstallations_Privacy.bundle/PrivacyInfo.xcprivacy ... 
2026-03-13 16:40:12 +0000  1105 bytes for ./Payload/ZoomConnect.app/FirebaseInstallations_Privacy.bundle/PrivacyInfo.xcprivacy
2026-03-13 16:40:12 +0000  copying file ./Payload/ZoomConnect.app/FirebaseInstallations_Privacy.bundle/Info.plist ... 
2026-03-13 16:40:12 +0000  808 bytes for ./Payload/ZoomConnect.app/FirebaseInstallations_Privacy.bundle/Info.plist
2026-03-13 16:40:12 +0000  copying file ./Payload/ZoomConnect.app/AppIcon76x76@2x~ipad.png ... 
2026-03-13 16:40:12 +0000  4724 bytes for ./Payload/ZoomConnect.app/AppIcon76x76@2x~ipad.png
2026-03-13 16:40:12 +0000  copying file ./Payload/ZoomConnect.app/AppAuthCore_Privacy.bundle/PrivacyInfo.xcprivacy ... 
2026-03-13 16:40:12 +0000  391 bytes for ./Payload/ZoomConnect.app/AppAuthCore_Privacy.bundle/PrivacyInfo.xcprivacy
2026-03-13 16:40:12 +0000  copying file ./Payload/ZoomConnect.app/AppAuthCore_Privacy.bundle/Info.plist ... 
2026-03-13 16:40:12 +0000  787 bytes for ./Payload/ZoomConnect.app/AppAuthCore_Privacy.bundle/Info.plist
2026-03-13 16:40:12 +0000  copying file ./Payload/ZoomConnect.app/GoogleUtilities_Privacy.bundle/PrivacyInfo.xcprivacy ... 
2026-03-13 16:40:12 +0000  1233 bytes for ./Payload/ZoomConnect.app/GoogleUtilities_Privacy.bundle/PrivacyInfo.xcprivacy
2026-03-13 16:40:12 +0000  copying file ./Payload/ZoomConnect.app/GoogleUtilities_Privacy.bundle/Info.plist ... 
2026-03-13 16:40:12 +0000  795 bytes for ./Payload/ZoomConnect.app/GoogleUtilities_Privacy.bundle/Info.plist
2026-03-13 16:40:12 +0000  copying file ./Payload/ZoomConnect.app/main.jsbundle ... 
2026-03-13 16:40:12 +0000  4481120 bytes for ./Payload/ZoomConnect.app/main.jsbundle
2026-03-13 16:40:12 +0000  copying file ./Payload/ZoomConnect.app/SDWebImage.bundle/PrivacyInfo.xcprivacy ... 
2026-03-13 16:40:12 +0000  599 bytes for ./Payload/ZoomConnect.app/SDWebImage.bundle/PrivacyInfo.xcprivacy
2026-03-13 16:40:12 +0000  copying file ./Payload/ZoomConnect.app/SDWebImage.bundle/Info.plist ... 
2026-03-13 16:40:12 +0000  767 bytes for ./Payload/ZoomConnect.app/SDWebImage.bundle/Info.plist
copying file ./Payload/ZoomConnect.app/FontAwesome6_Solid.ttf ... 
2026-03-13 16:40:12 +0000  423676 bytes for ./Payload/ZoomConnect.app/FontAwesome6_Solid.ttf
2026-03-13 16:40:12 +0000  copying file ./Payload/ZoomConnect.app/PrivacyInfo.xcprivacy ... 
2026-03-13 16:40:12 +0000  521 bytes for ./Payload/ZoomConnect.app/PrivacyInfo.xcprivacy
2026-03-13 16:40:12 +0000  copying file ./Payload/ZoomConnect.app/LaunchScreen.storyboardc/01J-lp-oVM-view-Ze5-6b-2t3.nib ... 
2026-03-13 16:40:12 +0000  3819 bytes for ./Payload/ZoomConnect.app/LaunchScreen.storyboardc/01J-lp-oVM-view-Ze5-6b-2t3.nib
2026-03-13 16:40:12 +0000  copying file ./Payload/ZoomConnect.app/LaunchScreen.storyboardc/UIViewController-01J-lp-oVM.nib ... 
2026-03-13 16:40:12 +0000  924 bytes for ./Payload/ZoomConnect.app/LaunchScreen.storyboardc/UIViewController-01J-lp-oVM.nib
2026-03-13 16:40:12 +0000  copying file ./Payload/ZoomConnect.app/LaunchScreen.storyboardc/Info.plist ... 
2026-03-13 16:40:12 +0000  258 bytes for ./Payload/ZoomConnect.app/LaunchScreen.storyboardc/Info.plist
2026-03-13 16:40:12 +0000  copying file ./Payload/ZoomConnect.app/RNSVGFilters.bundle/RNSVGArithmeticFilter.iphoneos.metallib ... 
2026-03-13 16:40:12 +0000  3993 bytes for ./Payload/ZoomConnect.app/RNSVGFilters.bundle/RNSVGArithmeticFilter.iphoneos.metallib
2026-03-13 16:40:12 +0000  copying file ./Payload/ZoomConnect.app/RNSVGFilters.bundle/RNSVGCompositeXor.iphoneos.metallib ... 
2026-03-13 16:40:12 +0000  3509 bytes for ./Payload/ZoomConnect.app/RNSVGFilters.bundle/RNSVGCompositeXor.iphoneos.metallib
2026-03-13 16:40:12 +0000  copying file ./Payload/ZoomConnect.app/RNSVGFilters.bundle/Info.plist ... 
2026-03-13 16:40:12 +0000  773 bytes for ./Payload/ZoomConnect.app/RNSVGFilters.bundle/Info.plist
2026-03-13 16:40:12 +0000  copying file ./Payload/ZoomConnect.app/boost_privacy.bundle/Info.plist ... 
2026-03-13 16:40:12 +0000  774 bytes for ./Payload/ZoomConnect.app/boost_privacy.bundle/Info.plist
copying file ./Payload/ZoomConnect.app/Montserrat-Regular.ttf ... 
2026-03-13 16:40:12 +0000  330948 bytes for ./Payload/ZoomConnect.app/Montserrat-Regular.ttf
2026-03-13 16:40:12 +0000  copying file ./Payload/ZoomConnect.app/Frameworks/hermesvm.framework/_CodeSignature/CodeResources ... 
2026-03-13 16:40:12 +0000  1798 bytes for ./Payload/ZoomConnect.app/Frameworks/hermesvm.framework/_CodeSignature/CodeResources
2026-03-13 16:40:12 +0000  copying file ./Payload/ZoomConnect.app/Frameworks/hermesvm.framework/hermesvm ... 
2026-03-13 16:40:12 +0000  4762992 bytes for ./Payload/ZoomConnect.app/Frameworks/hermesvm.framework/hermesvm
2026-03-13 16:40:12 +0000  copying file ./Payload/ZoomConnect.app/Frameworks/hermesvm.framework/Info.plist ... 
2026-03-13 16:40:12 +0000  861 bytes for ./Payload/ZoomConnect.app/Frameworks/hermesvm.framework/Info.plist
2026-03-13 16:40:12 +0000  copying file ./Payload/ZoomConnect.app/SimpleLineIcons.ttf ... 
2026-03-13 16:40:12 +0000  54056 bytes for ./Payload/ZoomConnect.app/SimpleLineIcons.ttf
2026-03-13 16:40:12 +0000  copying file ./Payload/ZoomConnect.app/FontAwesome6_Brands.ttf ... 
2026-03-13 16:40:12 +0000  209376 bytes for ./Payload/ZoomConnect.app/FontAwesome6_Brands.ttf
2026-03-13 16:40:12 +0000  copying file ./Payload/ZoomConnect.app/embedded.mobileprovision ... 
2026-03-13 16:40:12 +0000  15406 bytes for ./Payload/ZoomConnect.app/embedded.mobileprovision
2026-03-13 16:40:12 +0000  copying file ./Payload/ZoomConnect.app/ReactNativeBlobUtilPrivacyInfo.bundle/PrivacyInfo.xcprivacy ... 
2026-03-13 16:40:12 +0000  781 bytes for ./Payload/ZoomConnect.app/ReactNativeBlobUtilPrivacyInfo.bundle/PrivacyInfo.xcprivacy
2026-03-13 16:40:12 +0000  copying file ./Payload/ZoomConnect.app/ReactNativeBlobUtilPrivacyInfo.bundle/Info.plist ... 
2026-03-13 16:40:12 +0000  810 bytes for ./Payload/ZoomConnect.app/ReactNativeBlobUtilPrivacyInfo.bundle/Info.plist
2026-03-13 16:40:12 +0000  copying file ./Payload/ZoomConnect.app/assets/node_modules/@react-navigation/elements/lib/module/assets/back-icon@3x.png ... 
2026-03-13 16:40:12 +0000  761 bytes for ./Payload/ZoomConnect.app/assets/node_modules/@react-navigation/elements/lib/module/assets/back-icon@3x.png
2026-03-13 16:40:12 +0000  copying file ./Payload/ZoomConnect.app/assets/node_modules/@react-navigation/elements/lib/module/assets/back-icon@2x.png ... 
2026-03-13 16:40:12 +0000  405 bytes for ./Payload/ZoomConnect.app/assets/node_modules/@react-navigation/elements/lib/module/assets/back-icon@2x.png
2026-03-13 16:40:12 +0000  copying file ./Payload/ZoomConnect.app/assets/node_modules/@react-navigation/elements/lib/module/assets/search-icon@2x.png ... 
2026-03-13 16:40:12 +0000  589 bytes for ./Payload/ZoomConnect.app/assets/node_modules/@react-navigation/elements/lib/module/assets/search-icon@2x.png
2026-03-13 16:40:12 +0000  copying file ./Payload/ZoomConnect.app/assets/node_modules/@react-navigation/elements/lib/module/assets/clear-icon@3x.png ... 
2026-03-13 16:40:12 +0000  502 bytes for ./Payload/ZoomConnect.app/assets/node_modules/@react-navigation/elements/lib/module/assets/clear-icon@3x.png
2026-03-13 16:40:12 +0000  copying file ./Payload/ZoomConnect.app/assets/node_modules/@react-navigation/elements/lib/module/assets/back-icon.png ... 
2026-03-13 16:40:12 +0000  290 bytes for ./Payload/ZoomConnect.app/assets/node_modules/@react-navigation/elements/lib/module/assets/back-icon.png
2026-03-13 16:40:12 +0000  copying file ./Payload/ZoomConnect.app/assets/node_modules/@react-navigation/elements/lib/module/assets/clear-icon@2x.png ... 
2026-03-13 16:40:12 +0000  334 bytes for ./Payload/ZoomConnect.app/assets/node_modules/@react-navigation/elements/lib/module/assets/clear-icon@2x.png
2026-03-13 16:40:12 +0000  copying file ./Payload/ZoomConnect.app/assets/node_modules/@react-navigation/elements/lib/module/assets/search-icon@3x.png ... 
2026-03-13 16:40:12 +0000  839 bytes for ./Payload/ZoomConnect.app/assets/node_modules/@react-navigation/elements/lib/module/assets/search-icon@3x.png
2026-03-13 16:40:12 +0000  copying file ./Payload/ZoomConnect.app/assets/node_modules/@react-navigation/elements/lib/module/assets/close-icon.png ... 
2026-03-13 16:40:12 +0000  141 bytes for ./Payload/ZoomConnect.app/assets/node_modules/@react-navigation/elements/lib/module/assets/close-icon.png
2026-03-13 16:40:12 +0000  copying file ./Payload/ZoomConnect.app/assets/node_modules/@react-navigation/elements/lib/module/assets/back-icon-mask.png ... 
2026-03-13 16:40:12 +0000  653 bytes for ./Payload/ZoomConnect.app/assets/node_modules/@react-navigation/elements/lib/module/assets/back-icon-mask.png
2026-03-13 16:40:12 +0000  copying file ./Payload/ZoomConnect.app/assets/node_modules/@react-navigation/elements/lib/module/assets/close-icon@2x.png ... 
2026-03-13 16:40:12 +0000  201 bytes for ./Payload/ZoomConnect.app/assets/node_modules/@react-navigation/elements/lib/module/assets/close-icon@2x.png
2026-03-13 16:40:12 +0000  copying file ./Payload/ZoomConnect.app/assets/node_modules/@react-navigation/elements/lib/module/assets/close-icon@3x.png ... 
2026-03-13 16:40:12 +0000  266 bytes for ./Payload/ZoomConnect.app/assets/node_modules/@react-navigation/elements/lib/module/assets/close-icon@3x.png
2026-03-13 16:40:12 +0000  copying file ./Payload/ZoomConnect.app/assets/node_modules/@react-navigation/elements/lib/module/assets/clear-icon.png ... 
2026-03-13 16:40:12 +0000  220 bytes for ./Payload/ZoomConnect.app/assets/node_modules/@react-navigation/elements/lib/module/assets/clear-icon.png
2026-03-13 16:40:12 +0000  copying file ./Payload/ZoomConnect.app/assets/node_modules/@react-navigation/elements/lib/module/assets/search-icon.png ... 
2026-03-13 16:40:12 +0000  317 bytes for ./Payload/ZoomConnect.app/assets/node_modules/@react-navigation/elements/lib/module/assets/search-icon.png
2026-03-13 16:40:12 +0000  copying file ./Payload/ZoomConnect.app/assets/node_modules/react-native-paper/src/assets/back-chevron.png ... 
2026-03-13 16:40:12 +0000  489 bytes for ./Payload/ZoomConnect.app/assets/node_modules/react-native-paper/src/assets/back-chevron.png
2026-03-13 16:40:12 +0000  copying file ./Payload/ZoomConnect.app/assets/assets/profilewomen.png ... 
2026-03-13 16:40:12 +0000  771798 bytes for ./Payload/ZoomConnect.app/assets/assets/profilewomen.png
2026-03-13 16:40:12 +0000  copying file ./Payload/ZoomConnect.app/assets/assets/policynotfound.png ... 
2026-03-13 16:40:12 +0000  1283959 bytes for ./Payload/ZoomConnect.app/assets/assets/policynotfound.png
2026-03-13 16:40:12 +0000  copying file ./Payload/ZoomConnect.app/assets/assets/taltodocgp.png ... 
2026-03-13 16:40:12 +0000  2296592 bytes for ./Payload/ZoomConnect.app/assets/assets/taltodocgp.png
2026-03-13 16:40:12 +0000  copying file ./Payload/ZoomConnect.app/assets/assets/profileman.png ... 
2026-03-13 16:40:12 +0000  766572 bytes for ./Payload/ZoomConnect.app/assets/assets/profileman.png
2026-03-13 16:40:12 +0000  copying file ./Payload/ZoomConnect.app/assets/assets/survey_vector1.png ... 
2026-03-13 16:40:12 +0000  2309278 bytes for ./Payload/ZoomConnect.app/assets/assets/survey_vector1.png
2026-03-13 16:40:12 +0000  copying file ./Payload/ZoomConnect.app/assets/assets/RelevantLaws.png ... 
2026-03-13 16:40:12 +0000  102486 bytes for ./Payload/ZoomConnect.app/assets/assets/RelevantLaws.png
2026-03-13 16:40:12 +0000  copying file ./Payload/ZoomConnect.app/assets/assets/micosoft.png ... 
2026-03-13 16:40:12 +0000  105769 bytes for ./Payload/ZoomConnect.app/assets/assets/micosoft.png
2026-03-13 16:40:12 +0000  copying file ./Payload/ZoomConnect.app/assets/assets/Login.png ... 
2026-03-13 16:40:12 +0000  428152 bytes for ./Payload/ZoomConnect.app/assets/assets/Login.png
2026-03-13 16:40:12 +0000  copying file ./Payload/ZoomConnect.app/assets/assets/policies.png ... 
2026-03-13 16:40:12 +0000  746452 bytes for ./Payload/ZoomConnect.app/assets/assets/policies.png
2026-03-13 16:40:12 +0000  copying file ./Payload/ZoomConnect.app/assets/assets/policy.png ... 
2026-03-13 16:40:12 +0000  14456 bytes for ./Payload/ZoomConnect.app/assets/assets/policy.png
2026-03-13 16:40:12 +0000  copying file ./Payload/ZoomConnect.app/assets/assets/Wellness.png ... 
2026-03-13 16:40:12 +0000  1647102 bytes for ./Payload/ZoomConnect.app/assets/assets/Wellness.png
2026-03-13 16:40:12 +0000  copying file ./Payload/ZoomConnect.app/assets/assets/whitelogoanimation.gif ... 
2026-03-13 16:40:12 +0000  632743 bytes for ./Payload/ZoomConnect.app/assets/assets/whitelogoanimation.gif
2026-03-13 16:40:12 +0000  copying file ./Payload/ZoomConnect.app/assets/assets/oldlady.png ... 
2026-03-13 16:40:12 +0000  1668455 bytes for ./Payload/ZoomConnect.app/assets/assets/oldlady.png
2026-03-13 16:40:12 +0000  copying file ./Payload/ZoomConnect.app/assets/assets/oldmanavtar.png ... 
2026-03-13 16:40:12 +0000  478293 bytes for ./Payload/ZoomConnect.app/assets/assets/oldmanavtar.png
2026-03-13 16:40:12 +0000  copying file ./Payload/ZoomConnect.app/assets/assets/women.png ... 
2026-03-13 16:40:12 +0000  1535314 bytes for ./Payload/ZoomConnect.app/assets/assets/women.png
2026-03-13 16:40:12 +0000  copying file ./Payload/ZoomConnect.app/assets/assets/floatingbuttonn.png ... 
2026-03-13 16:40:12 +0000  108966 bytes for ./Payload/ZoomConnect.app/assets/assets/floatingbuttonn.png
2026-03-13 16:40:12 +0000  copying file ./Payload/ZoomConnect.app/assets/assets/Home.png ... 
2026-03-13 16:40:12 +0000  1046756 bytes for ./Payload/ZoomConnect.app/assets/assets/Home.png
2026-03-13 16:40:12 +0000  copying file ./Payload/ZoomConnect.app/assets/assets/girl.png ... 
2026-03-13 16:40:12 +0000  1950363 bytes for ./Payload/ZoomConnect.app/assets/assets/girl.png
2026-03-13 16:40:12 +0000  copying file ./Payload/ZoomConnect.app/assets/assets/empsu1.png ... 
2026-03-13 16:40:12 +0000  342391 bytes for ./Payload/ZoomConnect.app/assets/assets/empsu1.png
2026-03-13 16:40:12 +0000  copying file ./Payload/ZoomConnect.app/assets/assets/talktodocb.png ... 
2026-03-13 16:40:12 +0000  473273 bytes for ./Payload/ZoomConnect.app/assets/assets/talktodocb.png
2026-03-13 16:40:12 +0000  copying file ./Payload/ZoomConnect.app/assets/assets/claimshead.png ... 
2026-03-13 16:40:12 +0000  1298271 bytes for ./Payload/ZoomConnect.app/assets/assets/claimshead.png
2026-03-13 16:40:12 +0000  copying file ./Payload/ZoomConnect.app/assets/assets/man.png ... 
2026-03-13 16:40:12 +0000  1309304 bytes for ./Payload/ZoomConnect.app/assets/assets/man.png
2026-03-13 16:40:12 +0000  copying file ./Payload/ZoomConnect.app/assets/assets/help.png ... 
2026-03-13 16:40:12 +0000  1097483 bytes for ./Payload/ZoomConnect.app/assets/assets/help.png
2026-03-13 16:40:12 +0000  copying file ./Payload/ZoomConnect.app/assets/assets/oldman.png ... 
2026-03-13 16:40:13 +0000  1664569 bytes for ./Payload/ZoomConnect.app/assets/assets/oldman.png
2026-03-13 16:40:13 +0000  copying file ./Payload/ZoomConnect.app/assets/assets/bharatpelogo.png ... 
2026-03-13 16:40:13 +0000  7280 bytes for ./Payload/ZoomConnect.app/assets/assets/bharatpelogo.png
2026-03-13 16:40:13 +0000  copying file ./Payload/ZoomConnect.app/assets/assets/youngmanavtar.png ... 
2026-03-13 16:40:13 +0000  434236 bytes for ./Payload/ZoomConnect.app/assets/assets/youngmanavtar.png
2026-03-13 16:40:13 +0000  copying file ./Payload/ZoomConnect.app/assets/assets/purpleshortlogo.png ... 
2026-03-13 16:40:13 +0000  90681 bytes for ./Payload/ZoomConnect.app/assets/assets/purpleshortlogo.png
2026-03-13 16:40:13 +0000  copying file ./Payload/ZoomConnect.app/assets/assets/Splashbg.jpg ... 
2026-03-13 16:40:13 +0000  263868 bytes for ./Payload/ZoomConnect.app/assets/assets/Splashbg.jpg
2026-03-13 16:40:13 +0000  copying file ./Payload/ZoomConnect.app/assets/assets/Shadow.png ... 
2026-03-13 16:40:13 +0000  9526 bytes for ./Payload/ZoomConnect.app/assets/assets/Shadow.png
2026-03-13 16:40:13 +0000  copying file ./Payload/ZoomConnect.app/assets/assets/Google.png ... 
2026-03-13 16:40:13 +0000  1208982 bytes for ./Payload/ZoomConnect.app/assets/assets/Google.png
2026-03-13 16:40:13 +0000  copying file ./Payload/ZoomConnect.app/assets/assets/family3d.png ... 
2026-03-13 16:40:13 +0000  421964 bytes for ./Payload/ZoomConnect.app/assets/assets/family3d.png
2026-03-13 16:40:13 +0000  copying file ./Payload/ZoomConnect.app/assets/assets/empsu.png ... 
2026-03-13 16:40:13 +0000  332255 bytes for ./Payload/ZoomConnect.app/assets/assets/empsu.png
2026-03-13 16:40:13 +0000  copying file ./Payload/ZoomConnect.app/assets/assets/baby.png ... 
2026-03-13 16:40:13 +0000  1635005 bytes for ./Payload/ZoomConnect.app/assets/assets/baby.png
2026-03-13 16:40:13 +0000  copying file ./Payload/ZoomConnect.app/assets/assets/yoga.png ... 
2026-03-13 16:40:13 +0000  1411871 bytes for ./Payload/ZoomConnect.app/assets/assets/yoga.png
2026-03-13 16:40:13 +0000  copying file ./Payload/ZoomConnect.app/assets/assets/boy.png ... 
2026-03-13 16:40:13 +0000  1607392 bytes for ./Payload/ZoomConnect.app/assets/assets/boy.png
2026-03-13 16:40:13 +0000  copying file ./Payload/ZoomConnect.app/assets/assets/fingerprintsucess.gif ... 
2026-03-13 16:40:13 +0000  113566 bytes for ./Payload/ZoomConnect.app/assets/assets/fingerprintsucess.gif
2026-03-13 16:40:13 +0000  copying file ./Payload/ZoomConnect.app/assets/assets/WhiteNewZoomConnectlogo.png ... 
2026-03-13 16:40:13 +0000  638171 bytes for ./Payload/ZoomConnect.app/assets/assets/WhiteNewZoomConnectlogo.png
2026-03-13 16:40:13 +0000  copying file ./Payload/ZoomConnect.app/Info.plist ... 
2026-03-13 16:40:13 +0000  5926 bytes for ./Payload/ZoomConnect.app/Info.plist
2026-03-13 16:40:13 +0000  copying file ./Payload/ZoomConnect.app/RNCAsyncStorage_resources.bundle/PrivacyInfo.xcprivacy ... 
2026-03-13 16:40:13 +0000  512 bytes for ./Payload/ZoomConnect.app/RNCAsyncStorage_resources.bundle/PrivacyInfo.xcprivacy
2026-03-13 16:40:13 +0000  copying file ./Payload/ZoomConnect.app/RNCAsyncStorage_resources.bundle/Info.plist ... 
2026-03-13 16:40:13 +0000  799 bytes for ./Payload/ZoomConnect.app/RNCAsyncStorage_resources.bundle/Info.plist
2026-03-13 16:40:13 +0000  copying file ./Payload/ZoomConnect.app/PkgInfo ... 
2026-03-13 16:40:13 +0000  8 bytes for ./Payload/ZoomConnect.app/PkgInfo
2026-03-13 16:40:13 +0000  copying file ./Payload/ZoomConnect.app/MaterialIcons.ttf ... 
2026-03-13 16:40:13 +0000  356840 bytes for ./Payload/ZoomConnect.app/MaterialIcons.ttf
2026-03-13 16:40:13 +0000  copying file ./Payload/ZoomConnect.app/React-Core_privacy.bundle/PrivacyInfo.xcprivacy ... 
2026-03-13 16:40:13 +0000  768 bytes for ./Payload/ZoomConnect.app/React-Core_privacy.bundle/PrivacyInfo.xcprivacy
2026-03-13 16:40:13 +0000  copying file ./Payload/ZoomConnect.app/React-Core_privacy.bundle/Info.plist ... 
2026-03-13 16:40:13 +0000  786 bytes for ./Payload/ZoomConnect.app/React-Core_privacy.bundle/Info.plist
2026-03-13 16:40:13 +0000  /usr/bin/ditto exited with 0
2026-03-13 16:40:13 +0000  Processing step: IDEDistributionAppStoreInformationStep
2026-03-13 16:40:13 +0000  Skipping step: IDEDistributionAppStoreInformationStep because it said so
2026-03-13 16:40:13 +0000  Processing step: IDEDistributionGenerateProcessedDistributionItems
2026-03-13 16:40:13 +0000  IDEDistributionItem init <DVTFilePath:0x60004bdeea00:'/var/folders/z3/xqw4cpx91yqfslzyxdj305wc0000gn/T/XcodeDistPipeline.~~~kNa5TQ/Root/Payload/ZoomConnect.app/Frameworks/hermesvm.framework'>
2026-03-13 16:40:13 +0000  IDEDistributionItem init <DVTFilePath:0x60005b1e4ba0:'/var/folders/z3/xqw4cpx91yqfslzyxdj305wc0000gn/T/XcodeDistPipeline.~~~kNa5TQ/Root/Payload/ZoomConnect.app'>
2026-03-13 16:40:13 +0000  Processing step: IDEDistributionCreateManifestStep
